No errors on assembly of 'e:\assembler\sessions\session 3_reborn\mapping.asm'
No errors on assembly of 'e:\assembler\sessions\session 3_reborn\mapping.asm'
No errors on assembly of 'e:\assembler\sessions\session 3_reborn\mapping.asm'
No errors on assembly of 'e:\assembler\sessions\session 3_reborn\main.asm'
e:\assembler\sessions\session 3_reborn\main.asm(45): as2 : Error 46: Illegal undefined label 'TIM2_CR1,#%00000001 ; counter enable ON'
e:\assembler\sessions\session 3_reborn\main.asm(46): as2 : Error 46: Illegal undefined label 'TIM2_IER,#$00 ; no interrupts'
e:\assembler\sessions\session 3_reborn\main.asm(47): as2 : Error 46: Illegal undefined label 'TIM2_CCMR1,#%01100000 ; PWM mode 1 + CC1 as output'
e:\assembler\sessions\session 3_reborn\main.asm(48): as2 : Error 46: Illegal undefined label 'TIM2_CCER1,#%00000001 ; enable cc1 output'
e:\assembler\sessions\session 3_reborn\main.asm(49): as2 : Error 46: Illegal undefined label 'TIM2_ARRH, #$00'
e:\assembler\sessions\session 3_reborn\main.asm(50): as2 : Error 46: Illegal undefined label 'TIM2_ARRL,#$64'
e:\assembler\sessions\session 3_reborn\main.asm(51): as2 : Error 46: Illegal undefined label 'TIM2_CCR1H,#$00					;duty cycle 10% means 10% of frequency, so on so forth'
e:\assembler\sessions\session 3_reborn\main.asm(52): as2 : Error 46: Illegal undefined label 'TIM2_CCR1L,#$f'
e:\assembler\sessions\session 3_reborn\main.asm(54): as2 : Error 46: Illegal undefined label 'PD_DDR, #$ff'
e:\assembler\sessions\session 3_reborn\main.asm(55): as2 : Error 46: Illegal undefined label 'PD_CR1, #$ff'
e:\assembler\sessions\session 3_reborn\main.asm(58): as2 : Error 46: Illegal undefined label 'PD_ODR,#5'
11 errors on assembly of 'e:\assembler\sessions\session 3_reborn\main.asm'
No errors on assembly of 'e:\assembler\sessions\session 3_reborn\main.asm'
No errors on assembly of 'e:\assembler\sessions\session 3_reborn\main.asm'
e:\assembler\sessions\session 3_reborn\main.asm(45): as2 : Error 46: Illegal undefined label 'TIM2_CR1,#%00000001 ; counter enable ON'
e:\assembler\sessions\session 3_reborn\main.asm(46): as2 : Error 46: Illegal undefined label 'TIM2_IER,#$00 ; no interrupts'
e:\assembler\sessions\session 3_reborn\main.asm(47): as2 : Error 46: Illegal undefined label 'TIM2_CCMR1,#%01100000 ; PWM mode 1 + CC1 as output'
e:\assembler\sessions\session 3_reborn\main.asm(48): as2 : Error 46: Illegal undefined label 'TIM2_CCER1,#%00000001 ; enable cc1 output'
e:\assembler\sessions\session 3_reborn\main.asm(49): as2 : Error 46: Illegal undefined label 'TIM2_ARRH, #$00'
e:\assembler\sessions\session 3_reborn\main.asm(50): as2 : Error 46: Illegal undefined label 'TIM2_ARRL,#$64'
e:\assembler\sessions\session 3_reborn\main.asm(51): as2 : Error 46: Illegal undefined label 'TIM2_CCR1H,#$00					;duty cycle 10% means 10% of frequency, so on so forth'
e:\assembler\sessions\session 3_reborn\main.asm(52): as2 : Error 46: Illegal undefined label 'TIM2_CCR1L,#$f'
e:\assembler\sessions\session 3_reborn\main.asm(54): as2 : Error 46: Illegal undefined label 'PD_DDR, #$ff'
e:\assembler\sessions\session 3_reborn\main.asm(55): as2 : Error 46: Illegal undefined label 'PD_CR1, #$ff'
e:\assembler\sessions\session 3_reborn\main.asm(56): as2 : Error 46: Illegal undefined label 'PD_ODR, #$55'
11 errors on assembly of 'e:\assembler\sessions\session 3_reborn\main.asm'
No errors on assembly of 'e:\assembler\sessions\session 3_reborn\main.asm'
No errors on assembly of 'e:\assembler\sessions\session 3_reborn\main.asm'
e:\assembler\sessions\session 3_reborn\main.asm(45): as2 : Error 46: Illegal undefined label 'TIM2_CR1,#%00000001 ; counter enable ON'
e:\assembler\sessions\session 3_reborn\main.asm(46): as2 : Error 46: Illegal undefined label 'TIM2_IER,#$00 ; no interrupts'
e:\assembler\sessions\session 3_reborn\main.asm(47): as2 : Error 46: Illegal undefined label 'TIM2_CCMR1,#%01100000 ; PWM mode 1 + CC1 as output'
e:\assembler\sessions\session 3_reborn\main.asm(48): as2 : Error 46: Illegal undefined label 'TIM2_CCER1,#%00000001 ; enable cc1 output'
e:\assembler\sessions\session 3_reborn\main.asm(49): as2 : Error 46: Illegal undefined label 'TIM2_ARRH, #$00'
e:\assembler\sessions\session 3_reborn\main.asm(50): as2 : Error 46: Illegal undefined label 'TIM2_ARRL,#$64'
e:\assembler\sessions\session 3_reborn\main.asm(51): as2 : Error 46: Illegal undefined label 'TIM2_CCR1H,#$00					;duty cycle 10% means 10% of frequency, so on so forth'
e:\assembler\sessions\session 3_reborn\main.asm(52): as2 : Error 46: Illegal undefined label 'TIM2_CCR1L,#$f'
e:\assembler\sessions\session 3_reborn\main.asm(54): as2 : Error 46: Illegal undefined label 'PD_DDR, #$ff'
e:\assembler\sessions\session 3_reborn\main.asm(55): as2 : Error 46: Illegal undefined label 'PD_CR1, #$ff'
e:\assembler\sessions\session 3_reborn\main.asm(58): as2 : Error 46: Illegal undefined label 'PD_ODR,#$ff'
11 errors on assembly of 'e:\assembler\sessions\session 3_reborn\main.asm'
No errors on assembly of 'e:\assembler\sessions\session 3_reborn\main.asm'
No errors on assembly of 'e:\assembler\sessions\session 3_reborn\main.asm'
No errors on assembly of 'e:\assembler\sessions\session 3_reborn\main.asm'
No errors on assembly of 'e:\assembler\sessions\session 3_reborn\stm8s105k.asm'
No errors on assembly of 'e:\assembler\sessions\session 3_reborn\stm8s105k.asm'
No errors on assembly of 'e:\assembler\sessions\session 3_reborn\main.asm'
No errors on assembly of 'e:\assembler\sessions\session 3_reborn\main.asm'
No errors on assembly of 'e:\assembler\sessions\session 3_reborn\main.asm'
No errors on assembly of 'e:\assembler\sessions\session 3_reborn\main.asm'
No errors on assembly of 'e:\assembler\sessions\session 3_reborn\main.asm'
No errors on assembly of 'e:\assembler\sessions\session 3_reborn\main.asm'
No errors on assembly of 'e:\assembler\sessions\session 3_reborn\main.asm'
No errors on assembly of 'e:\assembler\sessions\session 3_reborn\main.asm'
No errors on assembly of 'e:\assembler\sessions\session 3_reborn\main.asm'
No errors on assembly of 'e:\assembler\sessions\session 3_reborn\main.asm'
No errors on assembly of 'e:\assembler\sessions\session 3_reborn\main.asm'
No errors on assembly of 'e:\assembler\sessions\session 3_reborn\main.asm'
No errors on assembly of 'e:\assembler\sessions\session 3_reborn\main.asm'
No errors on assembly of 'e:\assembler\sessions\session 3_reborn\main.asm'
No errors on assembly of 'e:\assembler\sessions\session 3_reborn\main.asm'
No errors on assembly of 'e:\assembler\sessions\session 3_reborn\main.asm'
No errors on assembly of 'e:\assembler\sessions\session 3_reborn\main.asm'
No errors on assembly of 'e:\assembler\sessions\session 3_reborn\main.asm'
No errors on assembly of 'e:\assembler\sessions\session 3_reborn\main.asm'
No errors on assembly of 'e:\assembler\sessions\session 3_reborn\main.asm'
No errors on assembly of 'e:\assembler\sessions\session 3_reborn\main.asm'
No errors on assembly of 'e:\assembler\sessions\session 3_reborn\main.asm'
No errors on assembly of 'e:\assembler\sessions\session 3_reborn\main.asm'
e:\assembler\sessions\session 3_reborn\main.asm(8): as1 : Error 56: unrecognised opcode '	array1 ds.b 16'
e:\assembler\sessions\session 3_reborn\main.asm(9): as1 : Error 56: unrecognised opcode '	low ds.b 1'
e:\assembler\sessions\session 3_reborn\main.asm(10): as1 : Error 56: unrecognised opcode '	high ds.b 1'
e:\assembler\sessions\session 3_reborn\main.asm(13): as1 : Error 56: unrecognised opcode '	max dc.b 128'
4 errors on assembly of 'e:\assembler\sessions\session 3_reborn\main.asm'
e:\assembler\sessions\session 3_reborn\main.asm(8): as1 : Error 56: unrecognised opcode '	array1 ds.b 16'
e:\assembler\sessions\session 3_reborn\main.asm(9): as1 : Error 56: unrecognised opcode '	low ds.b 1'
e:\assembler\sessions\session 3_reborn\main.asm(10): as1 : Error 56: unrecognised opcode '	high ds.b 1'
e:\assembler\sessions\session 3_reborn\main.asm(13): as1 : Error 56: unrecognised opcode '	max dc.b 128'
4 errors on assembly of 'e:\assembler\sessions\session 3_reborn\main.asm'
e:\assembler\sessions\session 3_reborn\main.asm(8): as1 : Error 56: unrecognised opcode '	array1 ds.b 16'
e:\assembler\sessions\session 3_reborn\main.asm(9): as1 : Error 56: unrecognised opcode '	low ds.b 1'
e:\assembler\sessions\session 3_reborn\main.asm(10): as1 : Error 56: unrecognised opcode '	high ds.b 1'
e:\assembler\sessions\session 3_reborn\main.asm(13): as1 : Error 56: unrecognised opcode '	max dc.b 128'
4 errors on assembly of 'e:\assembler\sessions\session 3_reborn\main.asm'
e:\assembler\sessions\session 3_reborn\main.asm(8): as1 : Error 56: unrecognised opcode '	array1 ds.b 16'
e:\assembler\sessions\session 3_reborn\main.asm(9): as1 : Error 56: unrecognised opcode '	low ds.b 1'
e:\assembler\sessions\session 3_reborn\main.asm(10): as1 : Error 56: unrecognised opcode '	high ds.b 1'
e:\assembler\sessions\session 3_reborn\main.asm(13): as1 : Error 56: unrecognised opcode '	max dc.b 128'
e:\assembler\sessions\session 3_reborn\main.asm(67): as2 : Error 46: Illegal undefined label 'array1,x),A'
e:\assembler\sessions\session 3_reborn\main.asm(70): as2 : Error 46: Illegal undefined label 'max'
6 errors on assembly of 'e:\assembler\sessions\session 3_reborn\main.asm'
e:\assembler\sessions\session 3_reborn\main.asm(8): as1 : Error 56: unrecognised opcode '	array1 ds.b 16'
e:\assembler\sessions\session 3_reborn\main.asm(9): as1 : Error 56: unrecognised opcode '	low ds.b 1'
e:\assembler\sessions\session 3_reborn\main.asm(10): as1 : Error 56: unrecognised opcode '	high ds.b 1'
e:\assembler\sessions\session 3_reborn\main.asm(13): as1 : Error 56: unrecognised opcode '	max dc.b 128'
e:\assembler\sessions\session 3_reborn\main.asm(67): as1 : Error 54: Can't match Addressing mode '	ld [array1,x],A'
5 errors on assembly of 'e:\assembler\sessions\session 3_reborn\main.asm'
e:\assembler\sessions\session 3_reborn\main.asm(8): as1 : Error 56: unrecognised opcode '	array1 ds.b 16'
e:\assembler\sessions\session 3_reborn\main.asm(9): as1 : Error 56: unrecognised opcode '	low ds.b 1'
e:\assembler\sessions\session 3_reborn\main.asm(10): as1 : Error 56: unrecognised opcode '	high ds.b 1'
e:\assembler\sessions\session 3_reborn\main.asm(13): as1 : Error 56: unrecognised opcode '	max dc.b 128'
e:\assembler\sessions\session 3_reborn\main.asm(67): as1 : Error 54: Can't match Addressing mode '	ld [array1,x],A'
5 errors on assembly of 'e:\assembler\sessions\session 3_reborn\main.asm'
e:\assembler\sessions\session 3_reborn\main.asm(8): as1 : Error 56: unrecognised opcode '	array1 ds.b 16'
e:\assembler\sessions\session 3_reborn\main.asm(9): as1 : Error 56: unrecognised opcode '	low ds.b 1'
e:\assembler\sessions\session 3_reborn\main.asm(10): as1 : Error 56: unrecognised opcode '	high ds.b 1'
e:\assembler\sessions\session 3_reborn\main.asm(13): as1 : Error 56: unrecognised opcode '	max dc.b 128'
e:\assembler\sessions\session 3_reborn\main.asm(67): as1 : Error 54: Can't match Addressing mode '	ld [array1,x],A'
e:\assembler\sessions\session 3_reborn\main.asm(67): as2 : Error 46: Illegal undefined label 'array1,x],A'
e:\assembler\sessions\session 3_reborn\main.asm(70): as2 : Error 46: Illegal undefined label 'max'
7 errors on assembly of 'e:\assembler\sessions\session 3_reborn\main.asm'
e:\assembler\sessions\session 3_reborn\main.asm(8): as1 : Error 56: unrecognised opcode '	array1 ds.b 16'
e:\assembler\sessions\session 3_reborn\main.asm(9): as1 : Error 56: unrecognised opcode '	low ds.b 1'
e:\assembler\sessions\session 3_reborn\main.asm(10): as1 : Error 56: unrecognised opcode '	high ds.b 1'
e:\assembler\sessions\session 3_reborn\main.asm(11): as1 : Error 56: unrecognised opcode '	max dc.b 128'
e:\assembler\sessions\session 3_reborn\main.asm(67): as1 : Error 54: Can't match Addressing mode '	ld [array1,x],A'
5 errors on assembly of 'e:\assembler\sessions\session 3_reborn\main.asm'
e:\assembler\sessions\session 3_reborn\main.asm(8): as1 : Error 56: unrecognised opcode '	array1 ds.b 16'
e:\assembler\sessions\session 3_reborn\main.asm(9): as1 : Error 56: unrecognised opcode '	low ds.b 1'
e:\assembler\sessions\session 3_reborn\main.asm(10): as1 : Error 56: unrecognised opcode '	high ds.b 1'
e:\assembler\sessions\session 3_reborn\main.asm(11): as1 : Error 56: unrecognised opcode '	max dc.b 128'
e:\assembler\sessions\session 3_reborn\main.asm(67): as1 : Error 54: Can't match Addressing mode '	ld [array1,x],A'
5 errors on assembly of 'e:\assembler\sessions\session 3_reborn\main.asm'
e:\assembler\sessions\session 3_reborn\main.asm(8): as1 : Error 56: unrecognised opcode '	array1 ds.b 16'
e:\assembler\sessions\session 3_reborn\main.asm(9): as1 : Error 56: unrecognised opcode '	low ds.b 1'
e:\assembler\sessions\session 3_reborn\main.asm(10): as1 : Error 56: unrecognised opcode '	high ds.b 1'
e:\assembler\sessions\session 3_reborn\main.asm(11): as1 : Error 56: unrecognised opcode '	max dc.b 128'
e:\assembler\sessions\session 3_reborn\main.asm(67): as1 : Error 54: Can't match Addressing mode '	ld [array1,x],A'
e:\assembler\sessions\session 3_reborn\main.asm(67): as2 : Error 46: Illegal undefined label 'array1,x],A'
e:\assembler\sessions\session 3_reborn\main.asm(70): as2 : Error 46: Illegal undefined label 'max'
7 errors on assembly of 'e:\assembler\sessions\session 3_reborn\main.asm'
e:\assembler\sessions\session 3_reborn\main.asm(8): as1 : Error 56: unrecognised opcode '	array1 ds.b 16'
e:\assembler\sessions\session 3_reborn\main.asm(9): as1 : Error 56: unrecognised opcode '	low ds.b '
e:\assembler\sessions\session 3_reborn\main.asm(10): as1 : Error 56: unrecognised opcode '	high ds.b '
e:\assembler\sessions\session 3_reborn\main.asm(11): as1 : Error 56: unrecognised opcode '	max ds.b '
e:\assembler\sessions\session 3_reborn\main.asm(69): as1 : Error 54: Can't match Addressing mode '	ld [array1,x],A'
5 errors on assembly of 'e:\assembler\sessions\session 3_reborn\main.asm'
e:\assembler\sessions\session 3_reborn\main.asm(8): as1 : Error 56: unrecognised opcode '	array1 ds.b 16'
e:\assembler\sessions\session 3_reborn\main.asm(9): as1 : Error 56: unrecognised opcode '	low ds.b '
e:\assembler\sessions\session 3_reborn\main.asm(10): as1 : Error 56: unrecognised opcode '	high ds.b '
e:\assembler\sessions\session 3_reborn\main.asm(11): as1 : Error 56: unrecognised opcode '	max ds.b '
e:\assembler\sessions\session 3_reborn\main.asm(69): as1 : Error 54: Can't match Addressing mode '	ld [array1,x],A'
5 errors on assembly of 'e:\assembler\sessions\session 3_reborn\main.asm'
e:\assembler\sessions\session 3_reborn\main.asm(8): as1 : Error 56: unrecognised opcode '	array1 ds.b 16'
e:\assembler\sessions\session 3_reborn\main.asm(9): as1 : Error 56: unrecognised opcode '	low ds.b '
e:\assembler\sessions\session 3_reborn\main.asm(10): as1 : Error 56: unrecognised opcode '	high ds.b '
e:\assembler\sessions\session 3_reborn\main.asm(11): as1 : Error 56: unrecognised opcode '	max ds.b '
e:\assembler\sessions\session 3_reborn\main.asm(69): as1 : Error 54: Can't match Addressing mode '	ld [array1,x],A'
e:\assembler\sessions\session 3_reborn\main.asm(66): as2 : Error 46: Illegal undefined label 'max, A'
e:\assembler\sessions\session 3_reborn\main.asm(69): as2 : Error 46: Illegal undefined label 'array1,x],A'
e:\assembler\sessions\session 3_reborn\main.asm(72): as2 : Error 46: Illegal undefined label 'max'
8 errors on assembly of 'e:\assembler\sessions\session 3_reborn\main.asm'
e:\assembler\sessions\session 3_reborn\main.asm(8): as1 : Error 56: unrecognised opcode '	array1 DS.B 16'
e:\assembler\sessions\session 3_reborn\main.asm(9): as1 : Error 56: unrecognised opcode '	low DS.B 1'
e:\assembler\sessions\session 3_reborn\main.asm(10): as1 : Error 56: unrecognised opcode '	high DS.B 1'
e:\assembler\sessions\session 3_reborn\main.asm(11): as1 : Error 56: unrecognised opcode '	max DC.B 128'
4 errors on assembly of 'e:\assembler\sessions\session 3_reborn\main.asm'
e:\assembler\sessions\session 3_reborn\main.asm(8): as1 : Error 56: unrecognised opcode '	array1 DS.B 16'
e:\assembler\sessions\session 3_reborn\main.asm(9): as1 : Error 56: unrecognised opcode '	low DS.B 1'
e:\assembler\sessions\session 3_reborn\main.asm(10): as1 : Error 56: unrecognised opcode '	high DS.B 1'
e:\assembler\sessions\session 3_reborn\main.asm(11): as1 : Error 56: unrecognised opcode '	max DC.B 128'
4 errors on assembly of 'e:\assembler\sessions\session 3_reborn\main.asm'
e:\assembler\sessions\session 3_reborn\main.asm(8): as1 : Error 56: unrecognised opcode '	array1 DS.B 16'
e:\assembler\sessions\session 3_reborn\main.asm(9): as1 : Error 56: unrecognised opcode '	low DS.B 1'
e:\assembler\sessions\session 3_reborn\main.asm(10): as1 : Error 56: unrecognised opcode '	high DS.B 1'
e:\assembler\sessions\session 3_reborn\main.asm(11): as1 : Error 56: unrecognised opcode '	max DC.B 128'
4 errors on assembly of 'e:\assembler\sessions\session 3_reborn\main.asm'

e:\assembler\sessions\session 3_reborn\main.asm(11): as1 : Fatal 999: Cannot mix Storage and Static definitions in same segment! 'D->S'


e:\assembler\sessions\session 3_reborn\main.asm(11): as1 : Fatal 999: Cannot mix Storage and Static definitions in same segment! 'D->S'


e:\assembler\sessions\session 3_reborn\main.asm(11): as1 : Fatal 999: Cannot mix Storage and Static definitions in same segment! 'D->S'

No errors on assembly of 'e:\assembler\sessions\session 3_reborn\main.asm'
No errors on assembly of 'e:\assembler\sessions\session 3_reborn\main.asm'
No errors on assembly of 'e:\assembler\sessions\session 3_reborn\main.asm'
No errors on assembly of 'e:\assembler\sessions\session 3_reborn\main.asm'
No errors on assembly of 'e:\assembler\sessions\session 3_reborn\main.asm'
No errors on assembly of 'e:\assembler\sessions\session 3_reborn\main.asm'
No errors on assembly of 'e:\assembler\sessions\session 3_reborn\main.asm'
No errors on assembly of 'e:\assembler\sessions\session 3_reborn\main.asm'
No errors on assembly of 'e:\assembler\sessions\session 3_reborn\main.asm'
No errors on assembly of 'e:\assembler\sessions\session 3_reborn\main.asm'
No errors on assembly of 'e:\assembler\sessions\session 3_reborn\main.asm'
No errors on assembly of 'e:\assembler\sessions\session 3_reborn\main.asm'
No errors on assembly of 'e:\assembler\sessions\session 3_reborn\main.asm'
No errors on assembly of 'e:\assembler\sessions\session 3_reborn\main.asm'
No errors on assembly of 'e:\assembler\sessions\session 3_reborn\main.asm'
No errors on assembly of 'e:\assembler\sessions\session 3_reborn\main.asm'
No errors on assembly of 'e:\assembler\sessions\session 3_reborn\main.asm'
e:\assembler\sessions\session 3_reborn\main.asm(71): as2 : Error 46: Illegal undefined label 'max'
1 error on assembly of 'e:\assembler\sessions\session 3_reborn\main.asm'
No errors on assembly of 'e:\assembler\sessions\session 3_reborn\main.asm'
No errors on assembly of 'e:\assembler\sessions\session 3_reborn\main.asm'
No errors on assembly of 'e:\assembler\sessions\session 3_reborn\main.asm'
e:\assembler\sessions\session 3_reborn\main.asm(5): as1 : Error 56: unrecognised opcode '	value EQU 128'
1 error on assembly of 'e:\assembler\sessions\session 3_reborn\main.asm'
e:\assembler\sessions\session 3_reborn\main.asm(5): as1 : Error 56: unrecognised opcode '	value EQU 128'
1 error on assembly of 'e:\assembler\sessions\session 3_reborn\main.asm'
e:\assembler\sessions\session 3_reborn\main.asm(5): as1 : Error 56: unrecognised opcode '	value EQU 128'
e:\assembler\sessions\session 3_reborn\main.asm(72): as2 : Error 46: Illegal undefined label 'value'
2 errors on assembly of 'e:\assembler\sessions\session 3_reborn\main.asm'
No errors on assembly of 'e:\assembler\sessions\session 3_reborn\main.asm'
No errors on assembly of 'e:\assembler\sessions\session 3_reborn\main.asm'
No errors on assembly of 'e:\assembler\sessions\session 3_reborn\main.asm'
e:\assembler\sessions\session 3_reborn\main.asm(96): as1 : Error 54: Can't match Addressing mode '	ld pattern,(kr_patterns,x)'
e:\assembler\sessions\session 3_reborn\main.asm(105): as1 : Error 54: Can't match Addressing mode '	ld pattern,(kr_patterns,x)'
e:\assembler\sessions\session 3_reborn\main.asm(107): as1 : Error 54: Can't match Addressing mode '	cpw x,y'
3 errors on assembly of 'e:\assembler\sessions\session 3_reborn\main.asm'
e:\assembler\sessions\session 3_reborn\main.asm(96): as1 : Error 54: Can't match Addressing mode '	ld pattern,(kr_patterns,x)'
e:\assembler\sessions\session 3_reborn\main.asm(105): as1 : Error 54: Can't match Addressing mode '	ld pattern,(kr_patterns,x)'
e:\assembler\sessions\session 3_reborn\main.asm(107): as1 : Error 54: Can't match Addressing mode '	cpw x,y'
3 errors on assembly of 'e:\assembler\sessions\session 3_reborn\main.asm'
e:\assembler\sessions\session 3_reborn\main.asm(96): as1 : Error 54: Can't match Addressing mode '	ld pattern,(kr_patterns,x)'
e:\assembler\sessions\session 3_reborn\main.asm(105): as1 : Error 54: Can't match Addressing mode '	ld pattern,(kr_patterns,x)'
e:\assembler\sessions\session 3_reborn\main.asm(107): as1 : Error 54: Can't match Addressing mode '	cpw x,y'
e:\assembler\sessions\session 3_reborn\main.asm(73): as2 : Error 46: Illegal undefined label 'TIM3_AARH, #$1E'
e:\assembler\sessions\session 3_reborn\main.asm(74): as2 : Error 46: Illegal undefined label 'TIM3_AARL, #$85'
5 errors on assembly of 'e:\assembler\sessions\session 3_reborn\main.asm'
e:\assembler\sessions\session 3_reborn\main.asm(96): as1 : Error 54: Can't match Addressing mode '	ld pattern,(kr_patterns,x)'
e:\assembler\sessions\session 3_reborn\main.asm(105): as1 : Error 54: Can't match Addressing mode '	ld pattern,(kr_patterns,x)'
e:\assembler\sessions\session 3_reborn\main.asm(107): as1 : Error 54: Can't match Addressing mode '	cpw x,y'
3 errors on assembly of 'e:\assembler\sessions\session 3_reborn\main.asm'
e:\assembler\sessions\session 3_reborn\main.asm(96): as1 : Error 54: Can't match Addressing mode '	ld pattern,(kr_patterns,x)'
e:\assembler\sessions\session 3_reborn\main.asm(105): as1 : Error 54: Can't match Addressing mode '	ld pattern,(kr_patterns,x)'
e:\assembler\sessions\session 3_reborn\main.asm(107): as1 : Error 54: Can't match Addressing mode '	cpw x,y'
3 errors on assembly of 'e:\assembler\sessions\session 3_reborn\main.asm'
e:\assembler\sessions\session 3_reborn\main.asm(96): as1 : Error 54: Can't match Addressing mode '	ld pattern,(kr_patterns,x)'
e:\assembler\sessions\session 3_reborn\main.asm(105): as1 : Error 54: Can't match Addressing mode '	ld pattern,(kr_patterns,x)'
e:\assembler\sessions\session 3_reborn\main.asm(107): as1 : Error 54: Can't match Addressing mode '	cpw x,y'
3 errors on assembly of 'e:\assembler\sessions\session 3_reborn\main.asm'
e:\assembler\sessions\session 3_reborn\main.asm(95): as1 : Error 54: Can't match Addressing mode '	ld pattern,(kr_patterns,x)'
e:\assembler\sessions\session 3_reborn\main.asm(104): as1 : Error 54: Can't match Addressing mode '	ld pattern,(kr_patterns,x)'
2 errors on assembly of 'e:\assembler\sessions\session 3_reborn\main.asm'
e:\assembler\sessions\session 3_reborn\main.asm(95): as1 : Error 54: Can't match Addressing mode '	ld pattern,(kr_patterns,x)'
e:\assembler\sessions\session 3_reborn\main.asm(104): as1 : Error 54: Can't match Addressing mode '	ld pattern,(kr_patterns,x)'
2 errors on assembly of 'e:\assembler\sessions\session 3_reborn\main.asm'
e:\assembler\sessions\session 3_reborn\main.asm(95): as1 : Error 54: Can't match Addressing mode '	ld pattern,(kr_patterns,x)'
e:\assembler\sessions\session 3_reborn\main.asm(104): as1 : Error 54: Can't match Addressing mode '	ld pattern,(kr_patterns,x)'
2 errors on assembly of 'e:\assembler\sessions\session 3_reborn\main.asm'
No errors on assembly of 'e:\assembler\sessions\session 3_reborn\main.asm'
No errors on assembly of 'e:\assembler\sessions\session 3_reborn\main.asm'
e:\assembler\sessions\session 3_reborn\main.asm(95): as2 : Error 46: Illegal undefined label 'kr_patters,x)'
1 error on assembly of 'e:\assembler\sessions\session 3_reborn\main.asm'
No errors on assembly of 'e:\assembler\sessions\session 3_reborn\main.asm'
No errors on assembly of 'e:\assembler\sessions\session 3_reborn\main.asm'
No errors on assembly of 'e:\assembler\sessions\session 3_reborn\main.asm'
No errors on assembly of 'e:\assembler\sessions\session 3_reborn\main.asm'
No errors on assembly of 'e:\assembler\sessions\session 3_reborn\main.asm'
No errors on assembly of 'e:\assembler\sessions\session 3_reborn\main.asm'
No errors on assembly of 'e:\assembler\sessions\session 3_reborn\main.asm'
No errors on assembly of 'e:\assembler\sessions\session 3_reborn\main.asm'
No errors on assembly of 'e:\assembler\sessions\session 3_reborn\main.asm'
No errors on assembly of 'e:\assembler\sessions\session 3_reborn\main.asm'
No errors on assembly of 'e:\assembler\sessions\session 3_reborn\main.asm'
No errors on assembly of 'e:\assembler\sessions\session 3_reborn\main.asm'
No errors on assembly of 'e:\assembler\sessions\session 3_reborn\main.asm'
No errors on assembly of 'e:\assembler\sessions\session 3_reborn\main.asm'
No errors on assembly of 'e:\assembler\sessions\session 3_reborn\main.asm'
e:\assembler\sessions\session 3_reborn\main.asm(99): as1 : Error 54: Can't match Addressing mode '	cpw size,xl'
1 error on assembly of 'e:\assembler\sessions\session 3_reborn\main.asm'
e:\assembler\sessions\session 3_reborn\main.asm(99): as1 : Error 54: Can't match Addressing mode '	cpw size,xl'
1 error on assembly of 'e:\assembler\sessions\session 3_reborn\main.asm'
e:\assembler\sessions\session 3_reborn\main.asm(99): as1 : Error 54: Can't match Addressing mode '	cpw size,xl'
1 error on assembly of 'e:\assembler\sessions\session 3_reborn\main.asm'
e:\assembler\sessions\session 3_reborn\main.asm(99): as1 : Error 54: Can't match Addressing mode '	cp size,xl'
1 error on assembly of 'e:\assembler\sessions\session 3_reborn\main.asm'
e:\assembler\sessions\session 3_reborn\main.asm(99): as1 : Error 54: Can't match Addressing mode '	cp size,xl'
1 error on assembly of 'e:\assembler\sessions\session 3_reborn\main.asm'
e:\assembler\sessions\session 3_reborn\main.asm(99): as1 : Error 54: Can't match Addressing mode '	cp size,xl'
1 error on assembly of 'e:\assembler\sessions\session 3_reborn\main.asm'
e:\assembler\sessions\session 3_reborn\main.asm(99): as1 : Error 54: Can't match Addressing mode '	cpw size,x'
1 error on assembly of 'e:\assembler\sessions\session 3_reborn\main.asm'
e:\assembler\sessions\session 3_reborn\main.asm(99): as1 : Error 54: Can't match Addressing mode '	cpw size,x'
1 error on assembly of 'e:\assembler\sessions\session 3_reborn\main.asm'
e:\assembler\sessions\session 3_reborn\main.asm(99): as1 : Error 54: Can't match Addressing mode '	cpw size,x'
1 error on assembly of 'e:\assembler\sessions\session 3_reborn\main.asm'
No errors on assembly of 'e:\assembler\sessions\session 3_reborn\main.asm'
No errors on assembly of 'e:\assembler\sessions\session 3_reborn\main.asm'
No errors on assembly of 'e:\assembler\sessions\session 3_reborn\main.asm'
No errors on assembly of 'e:\assembler\sessions\session 3_reborn\main.asm'
No errors on assembly of 'e:\assembler\sessions\session 3_reborn\main.asm'
No errors on assembly of 'e:\assembler\sessions\session 3_reborn\main.asm'
No errors on assembly of 'e:\assembler\sessions\session 3_reborn\main.asm'
e:\assembler\sessions\session 3_reborn\main.asm(120): as1 : Error 56: unrecognised opcode 'ld A,#0'
e:\assembler\sessions\session 3_reborn\main.asm(120): as1 : Error 69: Ambiguous label name 'ld A,#0'
e:\assembler\sessions\session 3_reborn\main.asm(123): as1 : Error 54: Can't match Addressing mode '	ld x,(pitch,A)'
e:\assembler\sessions\session 3_reborn\main.asm(124): as1 : Error 54: Can't match Addressing mode '	ld y,(pitch,A)'
e:\assembler\sessions\session 3_reborn\main.asm(125): as1 : Error 54: Can't match Addressing mode '	mov TIM2_ARRH, xh'
e:\assembler\sessions\session 3_reborn\main.asm(126): as1 : Error 54: Can't match Addressing mode '	mov TIM2_ARRL, xl'
e:\assembler\sessions\session 3_reborn\main.asm(128): as1 : Error 54: Can't match Addressing mode '	mov TIM2_CCR1H, yh'
e:\assembler\sessions\session 3_reborn\main.asm(129): as1 : Error 54: Can't match Addressing mode '	mov TIM2_CCR1L, yl'
8 errors on assembly of 'e:\assembler\sessions\session 3_reborn\main.asm'
e:\assembler\sessions\session 3_reborn\main.asm(120): as1 : Error 56: unrecognised opcode 'ld A,#0'
e:\assembler\sessions\session 3_reborn\main.asm(120): as1 : Error 69: Ambiguous label name 'ld A,#0'
e:\assembler\sessions\session 3_reborn\main.asm(123): as1 : Error 54: Can't match Addressing mode '	ld x,(pitch,A)'
e:\assembler\sessions\session 3_reborn\main.asm(124): as1 : Error 54: Can't match Addressing mode '	ld y,(pitch,A)'
e:\assembler\sessions\session 3_reborn\main.asm(125): as1 : Error 54: Can't match Addressing mode '	mov TIM2_ARRH, xh'
e:\assembler\sessions\session 3_reborn\main.asm(126): as1 : Error 54: Can't match Addressing mode '	mov TIM2_ARRL, xl'
e:\assembler\sessions\session 3_reborn\main.asm(128): as1 : Error 54: Can't match Addressing mode '	mov TIM2_CCR1H, yh'
e:\assembler\sessions\session 3_reborn\main.asm(129): as1 : Error 54: Can't match Addressing mode '	mov TIM2_CCR1L, yl'
8 errors on assembly of 'e:\assembler\sessions\session 3_reborn\main.asm'
e:\assembler\sessions\session 3_reborn\main.asm(120): as1 : Error 56: unrecognised opcode 'ld A,#0'
e:\assembler\sessions\session 3_reborn\main.asm(120): as1 : Error 69: Ambiguous label name 'ld A,#0'
e:\assembler\sessions\session 3_reborn\main.asm(123): as1 : Error 54: Can't match Addressing mode '	ld x,(pitch,A)'
e:\assembler\sessions\session 3_reborn\main.asm(124): as1 : Error 54: Can't match Addressing mode '	ld y,(pitch,A)'
e:\assembler\sessions\session 3_reborn\main.asm(125): as1 : Error 54: Can't match Addressing mode '	mov TIM2_ARRH, xh'
e:\assembler\sessions\session 3_reborn\main.asm(126): as1 : Error 54: Can't match Addressing mode '	mov TIM2_ARRL, xl'
e:\assembler\sessions\session 3_reborn\main.asm(128): as1 : Error 54: Can't match Addressing mode '	mov TIM2_CCR1H, yh'
e:\assembler\sessions\session 3_reborn\main.asm(129): as1 : Error 54: Can't match Addressing mode '	mov TIM2_CCR1L, yl'
8 errors on assembly of 'e:\assembler\sessions\session 3_reborn\main.asm'
e:\assembler\sessions\session 3_reborn\main.asm(123): as1 : Error 54: Can't match Addressing mode '	ld x,(pitch,A)'
e:\assembler\sessions\session 3_reborn\main.asm(124): as1 : Error 54: Can't match Addressing mode '	ld y,(pitch,A)'
e:\assembler\sessions\session 3_reborn\main.asm(125): as1 : Error 54: Can't match Addressing mode '	mov TIM2_ARRH, xh'
e:\assembler\sessions\session 3_reborn\main.asm(126): as1 : Error 54: Can't match Addressing mode '	mov TIM2_ARRL, xl'
e:\assembler\sessions\session 3_reborn\main.asm(128): as1 : Error 54: Can't match Addressing mode '	mov TIM2_CCR1H, yh'
e:\assembler\sessions\session 3_reborn\main.asm(129): as1 : Error 54: Can't match Addressing mode '	mov TIM2_CCR1L, yl'
6 errors on assembly of 'e:\assembler\sessions\session 3_reborn\main.asm'
e:\assembler\sessions\session 3_reborn\main.asm(123): as1 : Error 54: Can't match Addressing mode '	ld x,(pitch,A)'
e:\assembler\sessions\session 3_reborn\main.asm(124): as1 : Error 54: Can't match Addressing mode '	ld y,(pitch,A)'
e:\assembler\sessions\session 3_reborn\main.asm(125): as1 : Error 54: Can't match Addressing mode '	mov TIM2_ARRH, xh'
e:\assembler\sessions\session 3_reborn\main.asm(126): as1 : Error 54: Can't match Addressing mode '	mov TIM2_ARRL, xl'
e:\assembler\sessions\session 3_reborn\main.asm(128): as1 : Error 54: Can't match Addressing mode '	mov TIM2_CCR1H, yh'
e:\assembler\sessions\session 3_reborn\main.asm(129): as1 : Error 54: Can't match Addressing mode '	mov TIM2_CCR1L, yl'
6 errors on assembly of 'e:\assembler\sessions\session 3_reborn\main.asm'
e:\assembler\sessions\session 3_reborn\main.asm(123): as1 : Error 54: Can't match Addressing mode '	ld x,(pitch,A)'
e:\assembler\sessions\session 3_reborn\main.asm(124): as1 : Error 54: Can't match Addressing mode '	ld y,(pitch,A)'
e:\assembler\sessions\session 3_reborn\main.asm(125): as1 : Error 54: Can't match Addressing mode '	mov TIM2_ARRH, xh'
e:\assembler\sessions\session 3_reborn\main.asm(126): as1 : Error 54: Can't match Addressing mode '	mov TIM2_ARRL, xl'
e:\assembler\sessions\session 3_reborn\main.asm(128): as1 : Error 54: Can't match Addressing mode '	mov TIM2_CCR1H, yh'
e:\assembler\sessions\session 3_reborn\main.asm(129): as1 : Error 54: Can't match Addressing mode '	mov TIM2_CCR1L, yl'
6 errors on assembly of 'e:\assembler\sessions\session 3_reborn\main.asm'
e:\assembler\sessions\session 3_reborn\main.asm(123): as1 : Error 54: Can't match Addressing mode '	ld x,[pitch,A]'
e:\assembler\sessions\session 3_reborn\main.asm(124): as1 : Error 54: Can't match Addressing mode '	ld y,(pitch,A)'
e:\assembler\sessions\session 3_reborn\main.asm(125): as1 : Error 54: Can't match Addressing mode '	mov TIM2_ARRH, xh'
e:\assembler\sessions\session 3_reborn\main.asm(126): as1 : Error 54: Can't match Addressing mode '	mov TIM2_ARRL, xl'
e:\assembler\sessions\session 3_reborn\main.asm(128): as1 : Error 54: Can't match Addressing mode '	mov TIM2_CCR1H, yh'
e:\assembler\sessions\session 3_reborn\main.asm(129): as1 : Error 54: Can't match Addressing mode '	mov TIM2_CCR1L, yl'
6 errors on assembly of 'e:\assembler\sessions\session 3_reborn\main.asm'
e:\assembler\sessions\session 3_reborn\main.asm(123): as1 : Error 54: Can't match Addressing mode '	ld x,[pitch,A]'
e:\assembler\sessions\session 3_reborn\main.asm(124): as1 : Error 54: Can't match Addressing mode '	ld y,(pitch,A)'
e:\assembler\sessions\session 3_reborn\main.asm(125): as1 : Error 54: Can't match Addressing mode '	mov TIM2_ARRH, xh'
e:\assembler\sessions\session 3_reborn\main.asm(126): as1 : Error 54: Can't match Addressing mode '	mov TIM2_ARRL, xl'
e:\assembler\sessions\session 3_reborn\main.asm(128): as1 : Error 54: Can't match Addressing mode '	mov TIM2_CCR1H, yh'
e:\assembler\sessions\session 3_reborn\main.asm(129): as1 : Error 54: Can't match Addressing mode '	mov TIM2_CCR1L, yl'
6 errors on assembly of 'e:\assembler\sessions\session 3_reborn\main.asm'
e:\assembler\sessions\session 3_reborn\main.asm(123): as1 : Error 54: Can't match Addressing mode '	ld x,[pitch,A]'
e:\assembler\sessions\session 3_reborn\main.asm(124): as1 : Error 54: Can't match Addressing mode '	ld y,(pitch,A)'
e:\assembler\sessions\session 3_reborn\main.asm(125): as1 : Error 54: Can't match Addressing mode '	mov TIM2_ARRH, xh'
e:\assembler\sessions\session 3_reborn\main.asm(126): as1 : Error 54: Can't match Addressing mode '	mov TIM2_ARRL, xl'
e:\assembler\sessions\session 3_reborn\main.asm(128): as1 : Error 54: Can't match Addressing mode '	mov TIM2_CCR1H, yh'
e:\assembler\sessions\session 3_reborn\main.asm(129): as1 : Error 54: Can't match Addressing mode '	mov TIM2_CCR1L, yl'
6 errors on assembly of 'e:\assembler\sessions\session 3_reborn\main.asm'
e:\assembler\sessions\session 3_reborn\main.asm(123): as1 : Error 54: Can't match Addressing mode '	ldw x,(pitch,A)'
e:\assembler\sessions\session 3_reborn\main.asm(124): as1 : Error 54: Can't match Addressing mode '	ldw y,(pitch,A)'
e:\assembler\sessions\session 3_reborn\main.asm(125): as1 : Error 54: Can't match Addressing mode '	mov TIM2_ARRH, xh'
e:\assembler\sessions\session 3_reborn\main.asm(126): as1 : Error 54: Can't match Addressing mode '	mov TIM2_ARRL, xl'
e:\assembler\sessions\session 3_reborn\main.asm(128): as1 : Error 54: Can't match Addressing mode '	mov TIM2_CCR1H, yh'
e:\assembler\sessions\session 3_reborn\main.asm(129): as1 : Error 54: Can't match Addressing mode '	mov TIM2_CCR1L, yl'
6 errors on assembly of 'e:\assembler\sessions\session 3_reborn\main.asm'
e:\assembler\sessions\session 3_reborn\main.asm(123): as1 : Error 54: Can't match Addressing mode '	ldw x,(pitch,A)'
e:\assembler\sessions\session 3_reborn\main.asm(124): as1 : Error 54: Can't match Addressing mode '	ldw y,(pitch,A)'
e:\assembler\sessions\session 3_reborn\main.asm(125): as1 : Error 54: Can't match Addressing mode '	mov TIM2_ARRH, xh'
e:\assembler\sessions\session 3_reborn\main.asm(126): as1 : Error 54: Can't match Addressing mode '	mov TIM2_ARRL, xl'
e:\assembler\sessions\session 3_reborn\main.asm(128): as1 : Error 54: Can't match Addressing mode '	mov TIM2_CCR1H, yh'
e:\assembler\sessions\session 3_reborn\main.asm(129): as1 : Error 54: Can't match Addressing mode '	mov TIM2_CCR1L, yl'
6 errors on assembly of 'e:\assembler\sessions\session 3_reborn\main.asm'
e:\assembler\sessions\session 3_reborn\main.asm(123): as1 : Error 54: Can't match Addressing mode '	ldw x,(pitch,A)'
e:\assembler\sessions\session 3_reborn\main.asm(124): as1 : Error 54: Can't match Addressing mode '	ldw y,(pitch,A)'
e:\assembler\sessions\session 3_reborn\main.asm(125): as1 : Error 54: Can't match Addressing mode '	mov TIM2_ARRH, xh'
e:\assembler\sessions\session 3_reborn\main.asm(126): as1 : Error 54: Can't match Addressing mode '	mov TIM2_ARRL, xl'
e:\assembler\sessions\session 3_reborn\main.asm(128): as1 : Error 54: Can't match Addressing mode '	mov TIM2_CCR1H, yh'
e:\assembler\sessions\session 3_reborn\main.asm(129): as1 : Error 54: Can't match Addressing mode '	mov TIM2_CCR1L, yl'
6 errors on assembly of 'e:\assembler\sessions\session 3_reborn\main.asm'
e:\assembler\sessions\session 3_reborn\main.asm(124): as1 : Error 54: Can't match Addressing mode '	ldw x,(pitch,index)'
e:\assembler\sessions\session 3_reborn\main.asm(125): as1 : Error 54: Can't match Addressing mode '	ldw y,(pitch,index)'
e:\assembler\sessions\session 3_reborn\main.asm(126): as1 : Error 54: Can't match Addressing mode '	mov TIM2_ARRH, xh'
e:\assembler\sessions\session 3_reborn\main.asm(127): as1 : Error 54: Can't match Addressing mode '	mov TIM2_ARRL, xl'
e:\assembler\sessions\session 3_reborn\main.asm(129): as1 : Error 54: Can't match Addressing mode '	mov TIM2_CCR1H, yh'
e:\assembler\sessions\session 3_reborn\main.asm(130): as1 : Error 54: Can't match Addressing mode '	mov TIM2_CCR1L, yl'
6 errors on assembly of 'e:\assembler\sessions\session 3_reborn\main.asm'
e:\assembler\sessions\session 3_reborn\main.asm(124): as1 : Error 54: Can't match Addressing mode '	ldw x,(pitch,index)'
e:\assembler\sessions\session 3_reborn\main.asm(125): as1 : Error 54: Can't match Addressing mode '	ldw y,(pitch,index)'
e:\assembler\sessions\session 3_reborn\main.asm(126): as1 : Error 54: Can't match Addressing mode '	mov TIM2_ARRH, xh'
e:\assembler\sessions\session 3_reborn\main.asm(127): as1 : Error 54: Can't match Addressing mode '	mov TIM2_ARRL, xl'
e:\assembler\sessions\session 3_reborn\main.asm(129): as1 : Error 54: Can't match Addressing mode '	mov TIM2_CCR1H, yh'
e:\assembler\sessions\session 3_reborn\main.asm(130): as1 : Error 54: Can't match Addressing mode '	mov TIM2_CCR1L, yl'
6 errors on assembly of 'e:\assembler\sessions\session 3_reborn\main.asm'
e:\assembler\sessions\session 3_reborn\main.asm(124): as1 : Error 54: Can't match Addressing mode '	ldw x,(pitch,index)'
e:\assembler\sessions\session 3_reborn\main.asm(125): as1 : Error 54: Can't match Addressing mode '	ldw y,(pitch,index)'
e:\assembler\sessions\session 3_reborn\main.asm(126): as1 : Error 54: Can't match Addressing mode '	mov TIM2_ARRH, xh'
e:\assembler\sessions\session 3_reborn\main.asm(127): as1 : Error 54: Can't match Addressing mode '	mov TIM2_ARRL, xl'
e:\assembler\sessions\session 3_reborn\main.asm(129): as1 : Error 54: Can't match Addressing mode '	mov TIM2_CCR1H, yh'
e:\assembler\sessions\session 3_reborn\main.asm(130): as1 : Error 54: Can't match Addressing mode '	mov TIM2_CCR1L, yl'
6 errors on assembly of 'e:\assembler\sessions\session 3_reborn\main.asm'
e:\assembler\sessions\session 3_reborn\main.asm(124): as1 : Error 54: Can't match Addressing mode '	ldw x,(pitch,index)'
e:\assembler\sessions\session 3_reborn\main.asm(125): as1 : Error 54: Can't match Addressing mode '	ldw y,(pitch,index)'
e:\assembler\sessions\session 3_reborn\main.asm(126): as1 : Error 54: Can't match Addressing mode '	mov TIM2_ARRH, xh'
e:\assembler\sessions\session 3_reborn\main.asm(127): as1 : Error 54: Can't match Addressing mode '	mov TIM2_ARRL, xl'
e:\assembler\sessions\session 3_reborn\main.asm(129): as1 : Error 54: Can't match Addressing mode '	mov TIM2_CCR1H, yh'
e:\assembler\sessions\session 3_reborn\main.asm(130): as1 : Error 54: Can't match Addressing mode '	mov TIM2_CCR1L, yl'
6 errors on assembly of 'e:\assembler\sessions\session 3_reborn\main.asm'
e:\assembler\sessions\session 3_reborn\main.asm(124): as1 : Error 54: Can't match Addressing mode '	ldw x,(pitch,index)'
e:\assembler\sessions\session 3_reborn\main.asm(125): as1 : Error 54: Can't match Addressing mode '	ldw y,(pitch,index)'
e:\assembler\sessions\session 3_reborn\main.asm(126): as1 : Error 54: Can't match Addressing mode '	mov TIM2_ARRH,xh'
e:\assembler\sessions\session 3_reborn\main.asm(127): as1 : Error 54: Can't match Addressing mode '	mov TIM2_ARRL,xl'
e:\assembler\sessions\session 3_reborn\main.asm(129): as1 : Error 54: Can't match Addressing mode '	mov TIM2_CCR1H,yh'
e:\assembler\sessions\session 3_reborn\main.asm(130): as1 : Error 54: Can't match Addressing mode '	mov TIM2_CCR1L,yl'
6 errors on assembly of 'e:\assembler\sessions\session 3_reborn\main.asm'
e:\assembler\sessions\session 3_reborn\main.asm(124): as1 : Error 54: Can't match Addressing mode '	ldw x,(pitch,index)'
e:\assembler\sessions\session 3_reborn\main.asm(125): as1 : Error 54: Can't match Addressing mode '	ldw y,(pitch,index)'
e:\assembler\sessions\session 3_reborn\main.asm(126): as1 : Error 54: Can't match Addressing mode '	mov TIM2_ARRH,xh'
e:\assembler\sessions\session 3_reborn\main.asm(127): as1 : Error 54: Can't match Addressing mode '	mov TIM2_ARRL,xl'
e:\assembler\sessions\session 3_reborn\main.asm(129): as1 : Error 54: Can't match Addressing mode '	mov TIM2_CCR1H,yh'
e:\assembler\sessions\session 3_reborn\main.asm(130): as1 : Error 54: Can't match Addressing mode '	mov TIM2_CCR1L,yl'
6 errors on assembly of 'e:\assembler\sessions\session 3_reborn\main.asm'
e:\assembler\sessions\session 3_reborn\main.asm(124): as1 : Error 54: Can't match Addressing mode '	ldw x,(pitch,index)'
e:\assembler\sessions\session 3_reborn\main.asm(125): as1 : Error 54: Can't match Addressing mode '	ldw y,(pitch,index)'
e:\assembler\sessions\session 3_reborn\main.asm(126): as1 : Error 54: Can't match Addressing mode '	mov TIM2_ARRH,xh'
e:\assembler\sessions\session 3_reborn\main.asm(127): as1 : Error 54: Can't match Addressing mode '	mov TIM2_ARRL,xl'
e:\assembler\sessions\session 3_reborn\main.asm(129): as1 : Error 54: Can't match Addressing mode '	mov TIM2_CCR1H,yh'
e:\assembler\sessions\session 3_reborn\main.asm(130): as1 : Error 54: Can't match Addressing mode '	mov TIM2_CCR1L,yl'
6 errors on assembly of 'e:\assembler\sessions\session 3_reborn\main.asm'
e:\assembler\sessions\session 3_reborn\main.asm(124): as1 : Error 54: Can't match Addressing mode '	ldw obtained, (pitch,index)'
e:\assembler\sessions\session 3_reborn\main.asm(125): as1 : Error 54: Can't match Addressing mode '	ld x, obtained'
e:\assembler\sessions\session 3_reborn\main.asm(126): as1 : Error 54: Can't match Addressing mode '	ld y, obtained'
e:\assembler\sessions\session 3_reborn\main.asm(128): as1 : Error 54: Can't match Addressing mode '	mov TIM2_ARRH,A'
e:\assembler\sessions\session 3_reborn\main.asm(130): as1 : Error 54: Can't match Addressing mode '	mov TIM2_ARRL,A'
e:\assembler\sessions\session 3_reborn\main.asm(133): as1 : Error 54: Can't match Addressing mode '	mov TIM2_CCR1H,A'
e:\assembler\sessions\session 3_reborn\main.asm(135): as1 : Error 54: Can't match Addressing mode '	mov TIM2_CCR1L,A'
7 errors on assembly of 'e:\assembler\sessions\session 3_reborn\main.asm'
e:\assembler\sessions\session 3_reborn\main.asm(124): as1 : Error 54: Can't match Addressing mode '	ldw obtained, (pitch,index)'
e:\assembler\sessions\session 3_reborn\main.asm(125): as1 : Error 54: Can't match Addressing mode '	ld x, obtained'
e:\assembler\sessions\session 3_reborn\main.asm(126): as1 : Error 54: Can't match Addressing mode '	ld y, obtained'
e:\assembler\sessions\session 3_reborn\main.asm(128): as1 : Error 54: Can't match Addressing mode '	mov TIM2_ARRH,A'
e:\assembler\sessions\session 3_reborn\main.asm(130): as1 : Error 54: Can't match Addressing mode '	mov TIM2_ARRL,A'
e:\assembler\sessions\session 3_reborn\main.asm(133): as1 : Error 54: Can't match Addressing mode '	mov TIM2_CCR1H,A'
e:\assembler\sessions\session 3_reborn\main.asm(135): as1 : Error 54: Can't match Addressing mode '	mov TIM2_CCR1L,A'
7 errors on assembly of 'e:\assembler\sessions\session 3_reborn\main.asm'
e:\assembler\sessions\session 3_reborn\main.asm(124): as1 : Error 54: Can't match Addressing mode '	ldw obtained, (pitch,index)'
e:\assembler\sessions\session 3_reborn\main.asm(125): as1 : Error 54: Can't match Addressing mode '	ld x, obtained'
e:\assembler\sessions\session 3_reborn\main.asm(126): as1 : Error 54: Can't match Addressing mode '	ld y, obtained'
e:\assembler\sessions\session 3_reborn\main.asm(128): as1 : Error 54: Can't match Addressing mode '	mov TIM2_ARRH,A'
e:\assembler\sessions\session 3_reborn\main.asm(130): as1 : Error 54: Can't match Addressing mode '	mov TIM2_ARRL,A'
e:\assembler\sessions\session 3_reborn\main.asm(133): as1 : Error 54: Can't match Addressing mode '	mov TIM2_CCR1H,A'
e:\assembler\sessions\session 3_reborn\main.asm(135): as1 : Error 54: Can't match Addressing mode '	mov TIM2_CCR1L,A'
7 errors on assembly of 'e:\assembler\sessions\session 3_reborn\main.asm'
e:\assembler\sessions\session 3_reborn\main.asm(124): as1 : Error 54: Can't match Addressing mode '	ldw obtained, (pitch,index)'
e:\assembler\sessions\session 3_reborn\main.asm(125): as1 : Error 54: Can't match Addressing mode '	ld x, obtained'
e:\assembler\sessions\session 3_reborn\main.asm(126): as1 : Error 54: Can't match Addressing mode '	ld y, obtained'
e:\assembler\sessions\session 3_reborn\main.asm(127): as1 : Error 54: Can't match Addressing mode '	ld A, (xh)'
e:\assembler\sessions\session 3_reborn\main.asm(128): as1 : Error 54: Can't match Addressing mode '	mov TIM2_ARRH,A'
e:\assembler\sessions\session 3_reborn\main.asm(129): as1 : Error 54: Can't match Addressing mode '	ld A, (xl)'
e:\assembler\sessions\session 3_reborn\main.asm(130): as1 : Error 54: Can't match Addressing mode '	mov TIM2_ARRL,A'
e:\assembler\sessions\session 3_reborn\main.asm(133): as1 : Error 54: Can't match Addressing mode '	mov TIM2_CCR1H,A'
e:\assembler\sessions\session 3_reborn\main.asm(135): as1 : Error 54: Can't match Addressing mode '	mov TIM2_CCR1L,A'
9 errors on assembly of 'e:\assembler\sessions\session 3_reborn\main.asm'
e:\assembler\sessions\session 3_reborn\main.asm(124): as1 : Error 54: Can't match Addressing mode '	ldw obtained, (pitch,index)'
e:\assembler\sessions\session 3_reborn\main.asm(125): as1 : Error 54: Can't match Addressing mode '	ld x, obtained'
e:\assembler\sessions\session 3_reborn\main.asm(126): as1 : Error 54: Can't match Addressing mode '	ld y, obtained'
e:\assembler\sessions\session 3_reborn\main.asm(127): as1 : Error 54: Can't match Addressing mode '	ld A, (xh)'
e:\assembler\sessions\session 3_reborn\main.asm(128): as1 : Error 54: Can't match Addressing mode '	mov TIM2_ARRH,A'
e:\assembler\sessions\session 3_reborn\main.asm(129): as1 : Error 54: Can't match Addressing mode '	ld A, (xl)'
e:\assembler\sessions\session 3_reborn\main.asm(130): as1 : Error 54: Can't match Addressing mode '	mov TIM2_ARRL,A'
e:\assembler\sessions\session 3_reborn\main.asm(133): as1 : Error 54: Can't match Addressing mode '	mov TIM2_CCR1H,A'
e:\assembler\sessions\session 3_reborn\main.asm(135): as1 : Error 54: Can't match Addressing mode '	mov TIM2_CCR1L,A'
9 errors on assembly of 'e:\assembler\sessions\session 3_reborn\main.asm'
e:\assembler\sessions\session 3_reborn\main.asm(124): as1 : Error 54: Can't match Addressing mode '	ldw obtained, (pitch,index)'
e:\assembler\sessions\session 3_reborn\main.asm(125): as1 : Error 54: Can't match Addressing mode '	ld x, obtained'
e:\assembler\sessions\session 3_reborn\main.asm(126): as1 : Error 54: Can't match Addressing mode '	ld y, obtained'
e:\assembler\sessions\session 3_reborn\main.asm(127): as1 : Error 54: Can't match Addressing mode '	ld A, (xh)'
e:\assembler\sessions\session 3_reborn\main.asm(128): as1 : Error 54: Can't match Addressing mode '	mov TIM2_ARRH,A'
e:\assembler\sessions\session 3_reborn\main.asm(129): as1 : Error 54: Can't match Addressing mode '	ld A, (xl)'
e:\assembler\sessions\session 3_reborn\main.asm(130): as1 : Error 54: Can't match Addressing mode '	mov TIM2_ARRL,A'
e:\assembler\sessions\session 3_reborn\main.asm(133): as1 : Error 54: Can't match Addressing mode '	mov TIM2_CCR1H,A'
e:\assembler\sessions\session 3_reborn\main.asm(135): as1 : Error 54: Can't match Addressing mode '	mov TIM2_CCR1L,A'
9 errors on assembly of 'e:\assembler\sessions\session 3_reborn\main.asm'
e:\assembler\sessions\session 3_reborn\main.asm(124): as1 : Error 54: Can't match Addressing mode '	ldw obtained, (pitch,index)'
e:\assembler\sessions\session 3_reborn\main.asm(127): as1 : Error 54: Can't match Addressing mode '	ld A, (xh)'
e:\assembler\sessions\session 3_reborn\main.asm(128): as1 : Error 54: Can't match Addressing mode '	mov TIM2_ARRH,A'
e:\assembler\sessions\session 3_reborn\main.asm(129): as1 : Error 54: Can't match Addressing mode '	ld A, (xl)'
e:\assembler\sessions\session 3_reborn\main.asm(130): as1 : Error 54: Can't match Addressing mode '	mov TIM2_ARRL,A'
e:\assembler\sessions\session 3_reborn\main.asm(133): as1 : Error 54: Can't match Addressing mode '	mov TIM2_CCR1H,A'
e:\assembler\sessions\session 3_reborn\main.asm(135): as1 : Error 54: Can't match Addressing mode '	mov TIM2_CCR1L,A'
7 errors on assembly of 'e:\assembler\sessions\session 3_reborn\main.asm'
e:\assembler\sessions\session 3_reborn\main.asm(124): as1 : Error 54: Can't match Addressing mode '	ldw obtained, (pitch,index)'
e:\assembler\sessions\session 3_reborn\main.asm(127): as1 : Error 54: Can't match Addressing mode '	ld A, (xh)'
e:\assembler\sessions\session 3_reborn\main.asm(128): as1 : Error 54: Can't match Addressing mode '	mov TIM2_ARRH,A'
e:\assembler\sessions\session 3_reborn\main.asm(129): as1 : Error 54: Can't match Addressing mode '	ld A, (xl)'
e:\assembler\sessions\session 3_reborn\main.asm(130): as1 : Error 54: Can't match Addressing mode '	mov TIM2_ARRL,A'
e:\assembler\sessions\session 3_reborn\main.asm(133): as1 : Error 54: Can't match Addressing mode '	mov TIM2_CCR1H,A'
e:\assembler\sessions\session 3_reborn\main.asm(135): as1 : Error 54: Can't match Addressing mode '	mov TIM2_CCR1L,A'
7 errors on assembly of 'e:\assembler\sessions\session 3_reborn\main.asm'
e:\assembler\sessions\session 3_reborn\main.asm(124): as1 : Error 54: Can't match Addressing mode '	ldw obtained, (pitch,index)'
e:\assembler\sessions\session 3_reborn\main.asm(127): as1 : Error 54: Can't match Addressing mode '	ld A, (xh)'
e:\assembler\sessions\session 3_reborn\main.asm(128): as1 : Error 54: Can't match Addressing mode '	mov TIM2_ARRH,A'
e:\assembler\sessions\session 3_reborn\main.asm(129): as1 : Error 54: Can't match Addressing mode '	ld A, (xl)'
e:\assembler\sessions\session 3_reborn\main.asm(130): as1 : Error 54: Can't match Addressing mode '	mov TIM2_ARRL,A'
e:\assembler\sessions\session 3_reborn\main.asm(133): as1 : Error 54: Can't match Addressing mode '	mov TIM2_CCR1H,A'
e:\assembler\sessions\session 3_reborn\main.asm(135): as1 : Error 54: Can't match Addressing mode '	mov TIM2_CCR1L,A'
7 errors on assembly of 'e:\assembler\sessions\session 3_reborn\main.asm'
e:\assembler\sessions\session 3_reborn\main.asm(124): as1 : Error 54: Can't match Addressing mode '	ldw obtained,(pitch,index)'
e:\assembler\sessions\session 3_reborn\main.asm(127): as1 : Error 54: Can't match Addressing mode '	ld A, (xh)'
e:\assembler\sessions\session 3_reborn\main.asm(128): as1 : Error 54: Can't match Addressing mode '	mov TIM2_ARRH,A'
e:\assembler\sessions\session 3_reborn\main.asm(129): as1 : Error 54: Can't match Addressing mode '	ld A, (xl)'
e:\assembler\sessions\session 3_reborn\main.asm(130): as1 : Error 54: Can't match Addressing mode '	mov TIM2_ARRL,A'
e:\assembler\sessions\session 3_reborn\main.asm(133): as1 : Error 54: Can't match Addressing mode '	mov TIM2_CCR1H,A'
e:\assembler\sessions\session 3_reborn\main.asm(135): as1 : Error 54: Can't match Addressing mode '	mov TIM2_CCR1L,A'
7 errors on assembly of 'e:\assembler\sessions\session 3_reborn\main.asm'
e:\assembler\sessions\session 3_reborn\main.asm(124): as1 : Error 54: Can't match Addressing mode '	ldw obtained,(pitch,index)'
e:\assembler\sessions\session 3_reborn\main.asm(127): as1 : Error 54: Can't match Addressing mode '	ld A, (xh)'
e:\assembler\sessions\session 3_reborn\main.asm(128): as1 : Error 54: Can't match Addressing mode '	mov TIM2_ARRH,A'
e:\assembler\sessions\session 3_reborn\main.asm(129): as1 : Error 54: Can't match Addressing mode '	ld A, (xl)'
e:\assembler\sessions\session 3_reborn\main.asm(130): as1 : Error 54: Can't match Addressing mode '	mov TIM2_ARRL,A'
e:\assembler\sessions\session 3_reborn\main.asm(133): as1 : Error 54: Can't match Addressing mode '	mov TIM2_CCR1H,A'
e:\assembler\sessions\session 3_reborn\main.asm(135): as1 : Error 54: Can't match Addressing mode '	mov TIM2_CCR1L,A'
7 errors on assembly of 'e:\assembler\sessions\session 3_reborn\main.asm'
e:\assembler\sessions\session 3_reborn\main.asm(124): as1 : Error 54: Can't match Addressing mode '	ldw obtained,(pitch,index)'
e:\assembler\sessions\session 3_reborn\main.asm(127): as1 : Error 54: Can't match Addressing mode '	ld A, (xh)'
e:\assembler\sessions\session 3_reborn\main.asm(128): as1 : Error 54: Can't match Addressing mode '	mov TIM2_ARRH,A'
e:\assembler\sessions\session 3_reborn\main.asm(129): as1 : Error 54: Can't match Addressing mode '	ld A, (xl)'
e:\assembler\sessions\session 3_reborn\main.asm(130): as1 : Error 54: Can't match Addressing mode '	mov TIM2_ARRL,A'
e:\assembler\sessions\session 3_reborn\main.asm(133): as1 : Error 54: Can't match Addressing mode '	mov TIM2_CCR1H,A'
e:\assembler\sessions\session 3_reborn\main.asm(135): as1 : Error 54: Can't match Addressing mode '	mov TIM2_CCR1L,A'
7 errors on assembly of 'e:\assembler\sessions\session 3_reborn\main.asm'
e:\assembler\sessions\session 3_reborn\main.asm(126): as1 : Error 54: Can't match Addressing mode '	addw x, A'
e:\assembler\sessions\session 3_reborn\main.asm(128): as1 : Error 54: Can't match Addressing mode '	ld xl, (x)'
e:\assembler\sessions\session 3_reborn\main.asm(130): as1 : Error 54: Can't match Addressing mode '	ld xh, (x)'
e:\assembler\sessions\session 3_reborn\main.asm(134): as1 : Error 54: Can't match Addressing mode '	addw y, A'
e:\assembler\sessions\session 3_reborn\main.asm(136): as1 : Error 54: Can't match Addressing mode '	ld yl, (y)'
e:\assembler\sessions\session 3_reborn\main.asm(138): as1 : Error 54: Can't match Addressing mode '	ld yh, (y)'
e:\assembler\sessions\session 3_reborn\main.asm(141): as1 : Error 54: Can't match Addressing mode '	mov TIM2_ARRH, A'
e:\assembler\sessions\session 3_reborn\main.asm(144): as1 : Error 54: Can't match Addressing mode '	mov TIM2_ARRL, A'
e:\assembler\sessions\session 3_reborn\main.asm(147): as1 : Error 54: Can't match Addressing mode '	mov TIM2_CCR1H, A'
e:\assembler\sessions\session 3_reborn\main.asm(150): as1 : Error 54: Can't match Addressing mode '	mov TIM2_CCR1L, A'
10 errors on assembly of 'e:\assembler\sessions\session 3_reborn\main.asm'
e:\assembler\sessions\session 3_reborn\main.asm(126): as1 : Error 54: Can't match Addressing mode '	addw x, A'
e:\assembler\sessions\session 3_reborn\main.asm(128): as1 : Error 54: Can't match Addressing mode '	ld xl, (x)'
e:\assembler\sessions\session 3_reborn\main.asm(130): as1 : Error 54: Can't match Addressing mode '	ld xh, (x)'
e:\assembler\sessions\session 3_reborn\main.asm(134): as1 : Error 54: Can't match Addressing mode '	addw y, A'
e:\assembler\sessions\session 3_reborn\main.asm(136): as1 : Error 54: Can't match Addressing mode '	ld yl, (y)'
e:\assembler\sessions\session 3_reborn\main.asm(138): as1 : Error 54: Can't match Addressing mode '	ld yh, (y)'
e:\assembler\sessions\session 3_reborn\main.asm(141): as1 : Error 54: Can't match Addressing mode '	mov TIM2_ARRH, A'
e:\assembler\sessions\session 3_reborn\main.asm(144): as1 : Error 54: Can't match Addressing mode '	mov TIM2_ARRL, A'
e:\assembler\sessions\session 3_reborn\main.asm(147): as1 : Error 54: Can't match Addressing mode '	mov TIM2_CCR1H, A'
e:\assembler\sessions\session 3_reborn\main.asm(150): as1 : Error 54: Can't match Addressing mode '	mov TIM2_CCR1L, A'
10 errors on assembly of 'e:\assembler\sessions\session 3_reborn\main.asm'
e:\assembler\sessions\session 3_reborn\main.asm(126): as1 : Error 54: Can't match Addressing mode '	addw x, A'
e:\assembler\sessions\session 3_reborn\main.asm(128): as1 : Error 54: Can't match Addressing mode '	ld xl, (x)'
e:\assembler\sessions\session 3_reborn\main.asm(130): as1 : Error 54: Can't match Addressing mode '	ld xh, (x)'
e:\assembler\sessions\session 3_reborn\main.asm(134): as1 : Error 54: Can't match Addressing mode '	addw y, A'
e:\assembler\sessions\session 3_reborn\main.asm(136): as1 : Error 54: Can't match Addressing mode '	ld yl, (y)'
e:\assembler\sessions\session 3_reborn\main.asm(138): as1 : Error 54: Can't match Addressing mode '	ld yh, (y)'
e:\assembler\sessions\session 3_reborn\main.asm(141): as1 : Error 54: Can't match Addressing mode '	mov TIM2_ARRH, A'
e:\assembler\sessions\session 3_reborn\main.asm(144): as1 : Error 54: Can't match Addressing mode '	mov TIM2_ARRL, A'
e:\assembler\sessions\session 3_reborn\main.asm(147): as1 : Error 54: Can't match Addressing mode '	mov TIM2_CCR1H, A'
e:\assembler\sessions\session 3_reborn\main.asm(150): as1 : Error 54: Can't match Addressing mode '	mov TIM2_CCR1L, A'
10 errors on assembly of 'e:\assembler\sessions\session 3_reborn\main.asm'
e:\assembler\sessions\session 3_reborn\main.asm(125): as1 : Error 69: Ambiguous label name 'rim'
e:\assembler\sessions\session 3_reborn\main.asm(127): as1 : Error 56: unrecognised opcode 'ldw x, #0'
e:\assembler\sessions\session 3_reborn\main.asm(127): as1 : Error 69: Ambiguous label name 'ldw x, #0'
e:\assembler\sessions\session 3_reborn\main.asm(182): as1 : Error 54: Can't match Addressing mode '	ld TIM2_CCR1H, yh'
e:\assembler\sessions\session 3_reborn\main.asm(183): as1 : Error 54: Can't match Addressing mode '	ld TIM2_CCR1L, yl'
5 errors on assembly of 'e:\assembler\sessions\session 3_reborn\main.asm'
e:\assembler\sessions\session 3_reborn\main.asm(125): as1 : Error 69: Ambiguous label name 'rim'
e:\assembler\sessions\session 3_reborn\main.asm(127): as1 : Error 56: unrecognised opcode 'ldw x, #0'
e:\assembler\sessions\session 3_reborn\main.asm(127): as1 : Error 69: Ambiguous label name 'ldw x, #0'
e:\assembler\sessions\session 3_reborn\main.asm(182): as1 : Error 54: Can't match Addressing mode '	ld TIM2_CCR1H, yh'
e:\assembler\sessions\session 3_reborn\main.asm(183): as1 : Error 54: Can't match Addressing mode '	ld TIM2_CCR1L, yl'
5 errors on assembly of 'e:\assembler\sessions\session 3_reborn\main.asm'
e:\assembler\sessions\session 3_reborn\main.asm(125): as1 : Error 69: Ambiguous label name 'rim'
e:\assembler\sessions\session 3_reborn\main.asm(127): as1 : Error 56: unrecognised opcode 'ldw x, #0'
e:\assembler\sessions\session 3_reborn\main.asm(127): as1 : Error 69: Ambiguous label name 'ldw x, #0'
e:\assembler\sessions\session 3_reborn\main.asm(182): as1 : Error 54: Can't match Addressing mode '	ld TIM2_CCR1H, yh'
e:\assembler\sessions\session 3_reborn\main.asm(183): as1 : Error 54: Can't match Addressing mode '	ld TIM2_CCR1L, yl'
5 errors on assembly of 'e:\assembler\sessions\session 3_reborn\main.asm'
No errors on assembly of 'e:\assembler\sessions\session 3_reborn\main.asm'
No errors on assembly of 'e:\assembler\sessions\session 3_reborn\main.asm'
No errors on assembly of 'e:\assembler\sessions\session 3_reborn\main.asm'
No errors on assembly of 'e:\assembler\sessions\session 3_reborn\main.asm'
No errors on assembly of 'e:\assembler\sessions\session 3_reborn\main.asm'
No errors on assembly of 'e:\assembler\sessions\session 3_reborn\main.asm'
No errors on assembly of 'e:\assembler\sessions\session 3_reborn\main.asm'
No errors on assembly of 'e:\assembler\sessions\session 3_reborn\main.asm'
No errors on assembly of 'e:\assembler\sessions\session 3_reborn\main.asm'
No errors on assembly of 'e:\assembler\sessions\session 3_reborn\main.asm'
No errors on assembly of 'e:\assembler\sessions\session 3_reborn\main.asm'
No errors on assembly of 'e:\assembler\sessions\session 3_reborn\main.asm'
