No errors on assembly of 'e:\cloud\onedrive - ludobruynseels\documenten\werk\kuleuven-groept\2023-2024\computerarchitecture\lab5-test\mapping.asm'
No errors on assembly of 'e:\cloud\onedrive - ludobruynseels\documenten\werk\kuleuven-groept\2023-2024\computerarchitecture\lab5-test\mapping.asm'
No errors on assembly of 'e:\cloud\onedrive - ludobruynseels\documenten\werk\kuleuven-groept\2023-2024\computerarchitecture\lab5-test\main.asm'
No errors on assembly of 'e:\cloud\onedrive - ludobruynseels\documenten\werk\kuleuven-groept\2023-2024\computerarchitecture\lab5-test\main.asm'
No errors on assembly of 'e:\cloud\onedrive - ludobruynseels\documenten\werk\kuleuven-groept\2023-2024\computerarchitecture\lab5-test\stm8s105k.asm'
No errors on assembly of 'e:\cloud\onedrive - ludobruynseels\documenten\werk\kuleuven-groept\2023-2024\computerarchitecture\lab5-test\stm8s105k.asm'
e:\cloud\onedrive - ludobruynseels\documenten\werk\kuleuven-groept\2023-2024\computerarchitecture\lab5-test\main.asm(45): as1 : Error 54: Can't match Addressing mode '	ld PD_DDR, #$255'
1 error on assembly of 'e:\cloud\onedrive - ludobruynseels\documenten\werk\kuleuven-groept\2023-2024\computerarchitecture\lab5-test\main.asm'
e:\cloud\onedrive - ludobruynseels\documenten\werk\kuleuven-groept\2023-2024\computerarchitecture\lab5-test\main.asm(45): as1 : Error 54: Can't match Addressing mode '	ld PD_DDR, #$255'
e:\cloud\onedrive - ludobruynseels\documenten\werk\kuleuven-groept\2023-2024\computerarchitecture\lab5-test\main.asm(45): as2 : Error 46: Illegal undefined label 'PD_DDR, #$255'
2 errors on assembly of 'e:\cloud\onedrive - ludobruynseels\documenten\werk\kuleuven-groept\2023-2024\computerarchitecture\lab5-test\main.asm'
e:\cloud\onedrive - ludobruynseels\documenten\werk\kuleuven-groept\2023-2024\computerarchitecture\lab5-test\main.asm(45): as1 : Error 54: Can't match Addressing mode '	mov PD_DDR, #$255'
1 error on assembly of 'e:\cloud\onedrive - ludobruynseels\documenten\werk\kuleuven-groept\2023-2024\computerarchitecture\lab5-test\main.asm'
e:\cloud\onedrive - ludobruynseels\documenten\werk\kuleuven-groept\2023-2024\computerarchitecture\lab5-test\main.asm(45): as1 : Error 54: Can't match Addressing mode '	mov PD_DDR, #$255'
e:\cloud\onedrive - ludobruynseels\documenten\werk\kuleuven-groept\2023-2024\computerarchitecture\lab5-test\main.asm(45): as2 : Error 46: Illegal undefined label 'PD_DDR, #$255'
2 errors on assembly of 'e:\cloud\onedrive - ludobruynseels\documenten\werk\kuleuven-groept\2023-2024\computerarchitecture\lab5-test\main.asm'
No errors on assembly of 'e:\cloud\onedrive - ludobruynseels\documenten\werk\kuleuven-groept\2023-2024\computerarchitecture\lab5-test\mapping.asm'
No errors on assembly of 'e:\cloud\onedrive - ludobruynseels\documenten\werk\kuleuven-groept\2023-2024\computerarchitecture\lab5-test\mapping.asm'
No errors on assembly of 'e:\cloud\onedrive - ludobruynseels\documenten\werk\kuleuven-groept\2023-2024\computerarchitecture\lab5-test\main.asm'
No errors on assembly of 'e:\cloud\onedrive - ludobruynseels\documenten\werk\kuleuven-groept\2023-2024\computerarchitecture\lab5-test\main.asm'
No errors on assembly of 'e:\cloud\onedrive - ludobruynseels\documenten\werk\kuleuven-groept\2023-2024\computerarchitecture\lab5-test\stm8s105k.asm'
No errors on assembly of 'e:\cloud\onedrive - ludobruynseels\documenten\werk\kuleuven-groept\2023-2024\computerarchitecture\lab5-test\stm8s105k.asm'
No errors on assembly of 'e:\cloud\onedrive - ludobruynseels\documenten\werk\kuleuven-groept\2023-2024\computerarchitecture\lab5-test\mapping.asm'
No errors on assembly of 'e:\cloud\onedrive - ludobruynseels\documenten\werk\kuleuven-groept\2023-2024\computerarchitecture\lab5-test\mapping.asm'
e:\cloud\onedrive - ludobruynseels\documenten\werk\kuleuven-groept\2023-2024\computerarchitecture\lab5-test\main.asm(46): as1 : Error 54: Can't match Addressing mode '	mov PD_DDR, #$255'
1 error on assembly of 'e:\cloud\onedrive - ludobruynseels\documenten\werk\kuleuven-groept\2023-2024\computerarchitecture\lab5-test\main.asm'
e:\cloud\onedrive - ludobruynseels\documenten\werk\kuleuven-groept\2023-2024\computerarchitecture\lab5-test\main.asm(46): as1 : Error 54: Can't match Addressing mode '	mov PD_DDR, #$255'
1 error on assembly of 'e:\cloud\onedrive - ludobruynseels\documenten\werk\kuleuven-groept\2023-2024\computerarchitecture\lab5-test\main.asm'
e:\cloud\onedrive - ludobruynseels\documenten\werk\kuleuven-groept\2023-2024\computerarchitecture\lab5-test\main.asm(46): as1 : Error 54: Can't match Addressing mode '	ld PD_DDR, #$255'
1 error on assembly of 'e:\cloud\onedrive - ludobruynseels\documenten\werk\kuleuven-groept\2023-2024\computerarchitecture\lab5-test\main.asm'
e:\cloud\onedrive - ludobruynseels\documenten\werk\kuleuven-groept\2023-2024\computerarchitecture\lab5-test\main.asm(46): as1 : Error 54: Can't match Addressing mode '	ld PD_DDR, #$255'
1 error on assembly of 'e:\cloud\onedrive - ludobruynseels\documenten\werk\kuleuven-groept\2023-2024\computerarchitecture\lab5-test\main.asm'
e:\cloud\onedrive - ludobruynseels\documenten\werk\kuleuven-groept\2023-2024\computerarchitecture\lab5-test\main.asm(46): as1 : Error 54: Can't match Addressing mode '	ld PD_DDR, #$ff'
1 error on assembly of 'e:\cloud\onedrive - ludobruynseels\documenten\werk\kuleuven-groept\2023-2024\computerarchitecture\lab5-test\main.asm'
e:\cloud\onedrive - ludobruynseels\documenten\werk\kuleuven-groept\2023-2024\computerarchitecture\lab5-test\main.asm(46): as1 : Error 54: Can't match Addressing mode '	ld PD_DDR, #$ff'
1 error on assembly of 'e:\cloud\onedrive - ludobruynseels\documenten\werk\kuleuven-groept\2023-2024\computerarchitecture\lab5-test\main.asm'
No errors on assembly of 'e:\cloud\onedrive - ludobruynseels\documenten\werk\kuleuven-groept\2023-2024\computerarchitecture\lab5-test\main.asm'
No errors on assembly of 'e:\cloud\onedrive - ludobruynseels\documenten\werk\kuleuven-groept\2023-2024\computerarchitecture\lab5-test\main.asm'
No errors on assembly of 'e:\cloud\onedrive - ludobruynseels\documenten\werk\kuleuven-groept\2023-2024\computerarchitecture\lab5-test\mapping.asm'
No errors on assembly of 'e:\cloud\onedrive - ludobruynseels\documenten\werk\kuleuven-groept\2023-2024\computerarchitecture\lab5-test\mapping.asm'
No errors on assembly of 'e:\cloud\onedrive - ludobruynseels\documenten\werk\kuleuven-groept\2023-2024\computerarchitecture\lab5-test\main.asm'
No errors on assembly of 'e:\cloud\onedrive - ludobruynseels\documenten\werk\kuleuven-groept\2023-2024\computerarchitecture\lab5-test\main.asm'
No errors on assembly of 'e:\cloud\onedrive - ludobruynseels\documenten\werk\kuleuven-groept\2023-2024\computerarchitecture\lab5-test\stm8s105k.asm'
No errors on assembly of 'e:\cloud\onedrive - ludobruynseels\documenten\werk\kuleuven-groept\2023-2024\computerarchitecture\lab5-test\stm8s105k.asm'
No errors on assembly of 'e:\cloud\onedrive - ludobruynseels\documenten\werk\kuleuven-groept\2023-2024\computerarchitecture\lab5-test\mapping.asm'
No errors on assembly of 'e:\cloud\onedrive - ludobruynseels\documenten\werk\kuleuven-groept\2023-2024\computerarchitecture\lab5-test\main2.asm'
No errors on assembly of 'e:\cloud\onedrive - ludobruynseels\documenten\werk\kuleuven-groept\2023-2024\computerarchitecture\lab5-test\main2.asm'
No errors on assembly of 'e:\assembler\sessions\ca-lab5-20240508\mapping.asm'
No errors on assembly of 'e:\assembler\sessions\ca-lab5-20240508\mapping.asm'
No errors on assembly of 'e:\assembler\sessions\ca-lab5-20240508\mapping.asm'
No errors on assembly of 'e:\assembler\sessions\ca-lab5-20240508\mapping.asm'
No errors on assembly of 'e:\assembler\sessions\ca-lab5-20240508\main.asm'
No errors on assembly of 'e:\assembler\sessions\ca-lab5-20240508\main.asm'
No errors on assembly of 'e:\assembler\sessions\ca-lab5-20240508\stm8s105k.asm'
No errors on assembly of 'e:\assembler\sessions\ca-lab5-20240508\stm8s105k.asm'
e:\assembler\sessions\ca-lab5-20240508\main.asm(60): as1 : Error 54: Can't match Addressing mode '	mov PD_ODR,A'
1 error on assembly of 'e:\assembler\sessions\ca-lab5-20240508\main.asm'
e:\assembler\sessions\ca-lab5-20240508\main.asm(60): as1 : Error 54: Can't match Addressing mode '	mov PD_ODR,A'
1 error on assembly of 'e:\assembler\sessions\ca-lab5-20240508\main.asm'
e:\assembler\sessions\ca-lab5-20240508\main.asm(60): as1 : Error 54: Can't match Addressing mode '	mov PD_ODR,A'
1 error on assembly of 'e:\assembler\sessions\ca-lab5-20240508\main.asm'
No errors on assembly of 'e:\assembler\sessions\ca-lab5-20240508\main.asm'
No errors on assembly of 'e:\assembler\sessions\ca-lab5-20240508\main.asm'
No errors on assembly of 'e:\assembler\sessions\ca-lab5-20240508\main.asm'
No errors on assembly of 'e:\assembler\sessions\ca-lab5-20240508\main.asm'
No errors on assembly of 'e:\assembler\sessions\ca-lab5-20240508\main.asm'
No errors on assembly of 'e:\assembler\sessions\ca-lab5-20240508\main.asm'
No errors on assembly of 'e:\assembler\sessions\ca-lab5-20240508\main.asm'
No errors on assembly of 'e:\assembler\sessions\ca-lab5-20240508\main.asm'
No errors on assembly of 'e:\assembler\sessions\ca-lab5-20240508\main.asm'
No errors on assembly of 'e:\assembler\sessions\ca-lab5-20240508\main.asm'
No errors on assembly of 'e:\assembler\sessions\ca-lab5-20240508\main.asm'
No errors on assembly of 'e:\assembler\sessions\ca-lab5-20240508\main.asm'
No errors on assembly of 'e:\assembler\sessions\ca-lab5-20240508\main.asm'
No errors on assembly of 'e:\assembler\sessions\ca-lab5-20240508\main.asm'
No errors on assembly of 'e:\assembler\sessions\ca-lab5-20240508\main.asm'
No errors on assembly of 'e:\assembler\sessions\ca-lab5-20240508\main.asm'
No errors on assembly of 'e:\assembler\sessions\ca-lab5-20240508\main.asm'
No errors on assembly of 'e:\assembler\sessions\ca-lab5-20240508\main.asm'
No errors on assembly of 'e:\assembler\sessions\ca-lab5-20240508\main.asm'
No errors on assembly of 'e:\assembler\sessions\ca-lab5-20240508\main.asm'
No errors on assembly of 'e:\assembler\sessions\ca-lab5-20240508\main.asm'
No errors on assembly of 'e:\assembler\sessions\ca-lab5-20240508\main.asm'
No errors on assembly of 'e:\assembler\sessions\ca-lab5-20240508\main.asm'
No errors on assembly of 'e:\assembler\sessions\ca-lab5-20240508\main.asm'
No errors on assembly of 'e:\assembler\sessions\ca-lab5-20240508\main.asm'
No errors on assembly of 'e:\assembler\sessions\ca-lab5-20240508\main.asm'
No errors on assembly of 'e:\assembler\sessions\ca-lab5-20240508\main.asm'
No errors on assembly of 'e:\assembler\sessions\ca-lab5-20240508\main.asm'
No errors on assembly of 'e:\assembler\sessions\ca-lab5-20240508\main.asm'
No errors on assembly of 'e:\assembler\sessions\ca-lab5-20240508\main.asm'
No errors on assembly of 'e:\assembler\sessions\ca-lab5-20240508\main.asm'
No errors on assembly of 'e:\assembler\sessions\ca-lab5-20240508\main.asm'
No errors on assembly of 'e:\assembler\sessions\ca-lab5-20240508\main.asm'
e:\assembler\sessions\ca-lab5-20240508\main.asm(75): as1 : Error 54: Can't match Addressing mode '	ld #current_value, A'
1 error on assembly of 'e:\assembler\sessions\ca-lab5-20240508\main.asm'
e:\assembler\sessions\ca-lab5-20240508\main.asm(75): as1 : Error 54: Can't match Addressing mode '	ld #current_value, A'
1 error on assembly of 'e:\assembler\sessions\ca-lab5-20240508\main.asm'
e:\assembler\sessions\ca-lab5-20240508\main.asm(75): as1 : Error 54: Can't match Addressing mode '	ld #current_value, A'
1 error on assembly of 'e:\assembler\sessions\ca-lab5-20240508\main.asm'
No errors on assembly of 'e:\assembler\sessions\ca-lab5-20240508\main.asm'
No errors on assembly of 'e:\assembler\sessions\ca-lab5-20240508\main.asm'
No errors on assembly of 'e:\assembler\sessions\ca-lab5-20240508\main.asm'
No errors on assembly of 'e:\assembler\sessions\ca-lab5-20240508\main.asm'
No errors on assembly of 'e:\assembler\sessions\ca-lab5-20240508\main.asm'
No errors on assembly of 'e:\assembler\sessions\ca-lab5-20240508\main.asm'
No errors on assembly of 'e:\assembler\sessions\ca-lab5-20240508\main.asm'
No errors on assembly of 'e:\assembler\sessions\ca-lab5-20240508\main.asm'
No errors on assembly of 'e:\assembler\sessions\ca-lab5-20240508\main.asm'
No errors on assembly of 'e:\assembler\sessions\ca-lab5-20240508\main.asm'
No errors on assembly of 'e:\assembler\sessions\ca-lab5-20240508\main.asm'
No errors on assembly of 'e:\assembler\sessions\ca-lab5-20240508\main.asm'
No errors on assembly of 'e:\assembler\sessions\ca-lab5-20240508\main.asm'
No errors on assembly of 'e:\assembler\sessions\ca-lab5-20240508\main.asm'
No errors on assembly of 'e:\assembler\sessions\ca-lab5-20240508\main.asm'
No errors on assembly of 'e:\assembler\sessions\ca-lab5-20240508\main.asm'
No errors on assembly of 'e:\assembler\sessions\ca-lab5-20240508\main.asm'
No errors on assembly of 'e:\assembler\sessions\ca-lab5-20240508\main.asm'
No errors on assembly of 'e:\assembler\sessions\ca-lab5-20240508\main.asm'
No errors on assembly of 'e:\assembler\sessions\ca-lab5-20240508\main.asm'
No errors on assembly of 'e:\assembler\sessions\ca-lab5-20240508\main.asm'
e:\assembler\sessions\ca-lab5-20240508\main.asm(83): as1 : Error 54: Can't match Addressing mode '	ld A,	'
1 error on assembly of 'e:\assembler\sessions\ca-lab5-20240508\main.asm'
e:\assembler\sessions\ca-lab5-20240508\main.asm(83): as1 : Error 54: Can't match Addressing mode '	ld A,	'
1 error on assembly of 'e:\assembler\sessions\ca-lab5-20240508\main.asm'
e:\assembler\sessions\ca-lab5-20240508\main.asm(83): as1 : Error 54: Can't match Addressing mode '	ld A,	'
1 error on assembly of 'e:\assembler\sessions\ca-lab5-20240508\main.asm'
e:\assembler\sessions\ca-lab5-20240508\main.asm(83): as1 : Error 54: Can't match Addressing mode '	ld A,	'
1 error on assembly of 'e:\assembler\sessions\ca-lab5-20240508\main.asm'
No errors on assembly of 'e:\assembler\sessions\ca-lab5-20240508\main.asm'
No errors on assembly of 'e:\assembler\sessions\ca-lab5-20240508\main.asm'
No errors on assembly of 'e:\assembler\sessions\ca-lab5-20240508\main.asm'
No errors on assembly of 'e:\assembler\sessions\ca-lab5-20240508\main.asm'
No errors on assembly of 'e:\assembler\sessions\ca-lab5-20240508\main.asm'
No errors on assembly of 'e:\assembler\sessions\ca-lab5-20240508\main.asm'
No errors on assembly of 'e:\assembler\sessions\ca-lab5-20240508\main.asm'
No errors on assembly of 'e:\assembler\sessions\ca-lab5-20240508\main.asm'
No errors on assembly of 'e:\assembler\sessions\ca-lab5-20240508\main.asm'
e:\assembler\sessions\ca-lab5-20240508\main.asm(85): as1 : Error 54: Can't match Addressing mode '	dec #current_value'
1 error on assembly of 'e:\assembler\sessions\ca-lab5-20240508\main.asm'
e:\assembler\sessions\ca-lab5-20240508\main.asm(85): as1 : Error 54: Can't match Addressing mode '	dec #current_value'
1 error on assembly of 'e:\assembler\sessions\ca-lab5-20240508\main.asm'
e:\assembler\sessions\ca-lab5-20240508\main.asm(85): as1 : Error 54: Can't match Addressing mode '	dec #current_value'
1 error on assembly of 'e:\assembler\sessions\ca-lab5-20240508\main.asm'
e:\assembler\sessions\ca-lab5-20240508\main.asm(85): as1 : Error 54: Can't match Addressing mode '	dec #current_value'
1 error on assembly of 'e:\assembler\sessions\ca-lab5-20240508\main.asm'
e:\assembler\sessions\ca-lab5-20240508\main.asm(71): as1 : Error 56: unrecognised opcode 'ld A, start_value'
e:\assembler\sessions\ca-lab5-20240508\main.asm(71): as1 : Error 69: Ambiguous label name 'ld A, start_value'
2 errors on assembly of 'e:\assembler\sessions\ca-lab5-20240508\main.asm'
e:\assembler\sessions\ca-lab5-20240508\main.asm(71): as1 : Error 56: unrecognised opcode 'ld A, start_value'
e:\assembler\sessions\ca-lab5-20240508\main.asm(71): as1 : Error 69: Ambiguous label name 'ld A, start_value'
2 errors on assembly of 'e:\assembler\sessions\ca-lab5-20240508\main.asm'
e:\assembler\sessions\ca-lab5-20240508\main.asm(71): as1 : Error 56: unrecognised opcode 'ld A, start_value'
e:\assembler\sessions\ca-lab5-20240508\main.asm(71): as1 : Error 69: Ambiguous label name 'ld A, start_value'
2 errors on assembly of 'e:\assembler\sessions\ca-lab5-20240508\main.asm'
No errors on assembly of 'e:\assembler\sessions\ca-lab5-20240508\main.asm'
No errors on assembly of 'e:\assembler\sessions\ca-lab5-20240508\main.asm'
No errors on assembly of 'e:\assembler\sessions\ca-lab5-20240508\main.asm'
No errors on assembly of 'e:\assembler\sessions\ca-lab5-20240508\main.asm'
No errors on assembly of 'e:\assembler\sessions\ca-lab5-20240508\main.asm'
No errors on assembly of 'e:\assembler\sessions\ca-lab5-20240508\main.asm'
e:\assembler\sessions\ca-lab5-20240508\main.asm(71): as1 : Error 56: unrecognised opcode 'ld A, start_value'
e:\assembler\sessions\ca-lab5-20240508\main.asm(71): as1 : Error 69: Ambiguous label name 'ld A, start_value'
2 errors on assembly of 'e:\assembler\sessions\ca-lab5-20240508\main.asm'
e:\assembler\sessions\ca-lab5-20240508\main.asm(71): as1 : Error 56: unrecognised opcode 'ld A, start_value'
e:\assembler\sessions\ca-lab5-20240508\main.asm(71): as1 : Error 69: Ambiguous label name 'ld A, start_value'
2 errors on assembly of 'e:\assembler\sessions\ca-lab5-20240508\main.asm'
e:\assembler\sessions\ca-lab5-20240508\main.asm(71): as1 : Error 56: unrecognised opcode 'ld A, start_value'
e:\assembler\sessions\ca-lab5-20240508\main.asm(71): as1 : Error 69: Ambiguous label name 'ld A, start_value'
2 errors on assembly of 'e:\assembler\sessions\ca-lab5-20240508\main.asm'
No errors on assembly of 'e:\assembler\sessions\ca-lab5-20240508\main.asm'
No errors on assembly of 'e:\assembler\sessions\ca-lab5-20240508\main.asm'
No errors on assembly of 'e:\assembler\sessions\ca-lab5-20240508\main.asm'
e:\assembler\sessions\ca-lab5-20240508\main.asm(95): as1 : Error 54: Can't match Addressing mode '	ld PD_ODR,start_value'
1 error on assembly of 'e:\assembler\sessions\ca-lab5-20240508\main.asm'
e:\assembler\sessions\ca-lab5-20240508\main.asm(93): as1 : Error 54: Can't match Addressing mode '	ld PD_ODR,start_value'
1 error on assembly of 'e:\assembler\sessions\ca-lab5-20240508\main.asm'
e:\assembler\sessions\ca-lab5-20240508\main.asm(93): as1 : Error 54: Can't match Addressing mode '	ld PD_ODR,start_value'
1 error on assembly of 'e:\assembler\sessions\ca-lab5-20240508\main.asm'
e:\assembler\sessions\ca-lab5-20240508\main.asm(93): as1 : Error 54: Can't match Addressing mode '	ld PD_ODR,start_value'
1 error on assembly of 'e:\assembler\sessions\ca-lab5-20240508\main.asm'
No errors on assembly of 'e:\assembler\sessions\ca-lab5-20240508\main.asm'
No errors on assembly of 'e:\assembler\sessions\ca-lab5-20240508\main.asm'
No errors on assembly of 'e:\assembler\sessions\ca-lab5-20240508\main.asm'
No errors on assembly of 'e:\assembler\sessions\ca-lab5-20240508\main.asm'
No errors on assembly of 'e:\assembler\sessions\ca-lab5-20240508\main.asm'
No errors on assembly of 'e:\assembler\sessions\ca-lab5-20240508\main.asm'
No errors on assembly of 'e:\assembler\sessions\ca-lab5-20240508\main.asm'
No errors on assembly of 'e:\assembler\sessions\ca-lab5-20240508\main.asm'
No errors on assembly of 'e:\assembler\sessions\ca-lab5-20240508\main.asm'
e:\assembler\sessions\ca-lab5-20240508\main.asm(77): as1 : Error 54: Can't match Addressing mode '	ld current_value, start_value'
1 error on assembly of 'e:\assembler\sessions\ca-lab5-20240508\main.asm'
e:\assembler\sessions\ca-lab5-20240508\main.asm(77): as1 : Error 54: Can't match Addressing mode '	ld current_value, start_value'
1 error on assembly of 'e:\assembler\sessions\ca-lab5-20240508\main.asm'
e:\assembler\sessions\ca-lab5-20240508\main.asm(77): as1 : Error 54: Can't match Addressing mode '	ld current_value, start_value'
1 error on assembly of 'e:\assembler\sessions\ca-lab5-20240508\main.asm'
No errors on assembly of 'e:\assembler\sessions\ca-lab5-20240508\main.asm'
No errors on assembly of 'e:\assembler\sessions\ca-lab5-20240508\main.asm'
No errors on assembly of 'e:\assembler\sessions\ca-lab5-20240508\main.asm'
e:\assembler\sessions\ca-lab5-20240508\main.asm(101): as1 : Error 54: Can't match Addressing mode '	cp current_value, end_value'
1 error on assembly of 'e:\assembler\sessions\ca-lab5-20240508\main.asm'
e:\assembler\sessions\ca-lab5-20240508\main.asm(101): as1 : Error 54: Can't match Addressing mode '	cp current_value, end_value'
1 error on assembly of 'e:\assembler\sessions\ca-lab5-20240508\main.asm'
e:\assembler\sessions\ca-lab5-20240508\main.asm(101): as1 : Error 54: Can't match Addressing mode '	cp current_value, end_value'
1 error on assembly of 'e:\assembler\sessions\ca-lab5-20240508\main.asm'
No errors on assembly of 'e:\assembler\sessions\ca-lab5-20240508\main.asm'
No errors on assembly of 'e:\assembler\sessions\ca-lab5-20240508\main.asm'
No errors on assembly of 'e:\assembler\sessions\ca-lab5-20240508\main.asm'
No errors on assembly of 'e:\assembler\sessions\ca-lab5-20240508\main.asm'
No errors on assembly of 'e:\assembler\sessions\ca-lab5-20240508\main.asm'
No errors on assembly of 'e:\assembler\sessions\ca-lab5-20240508\main.asm'
e:\assembler\sessions\ca-lab5-20240508\main2.asm(77): as1 : Error 54: Can't match Addressing mode '	ldw counter,#0'
e:\assembler\sessions\ca-lab5-20240508\main2.asm(82): as1 : Error 54: Can't match Addressing mode '	ldw counter,#0'
e:\assembler\sessions\ca-lab5-20240508\main2.asm(94): as1 : Error 54: Can't match Addressing mode '	cpw counter, #5'
e:\assembler\sessions\ca-lab5-20240508\main2.asm(96): as1 : Error 54: Can't match Addressing mode '	ld xh, TIM2_CCR1H'
e:\assembler\sessions\ca-lab5-20240508\main2.asm(97): as1 : Error 54: Can't match Addressing mode '	ld xl, TIM2_CCR1L'
e:\assembler\sessions\ca-lab5-20240508\main2.asm(99): as1 : Error 54: Can't match Addressing mode '	ld TIM2_CCR1H, xh'
e:\assembler\sessions\ca-lab5-20240508\main2.asm(100): as1 : Error 54: Can't match Addressing mode '	ld TIM2_CCR2L, xl'
e:\assembler\sessions\ca-lab5-20240508\main2.asm(101): as1 : Error 54: Can't match Addressing mode '	incw counter'
8 errors on assembly of 'e:\assembler\sessions\ca-lab5-20240508\main2.asm'
No errors on assembly of 'e:\assembler\sessions\ca-lab5-20240508\mapping.asm'
e:\assembler\sessions\ca-lab5-20240508\main2.asm(77): as1 : Error 54: Can't match Addressing mode '	ldw counter,#0'
e:\assembler\sessions\ca-lab5-20240508\main2.asm(82): as1 : Error 54: Can't match Addressing mode '	ldw counter,#0'
e:\assembler\sessions\ca-lab5-20240508\main2.asm(94): as1 : Error 54: Can't match Addressing mode '	cpw counter, #5'
e:\assembler\sessions\ca-lab5-20240508\main2.asm(96): as1 : Error 54: Can't match Addressing mode '	ld xh, TIM2_CCR1H'
e:\assembler\sessions\ca-lab5-20240508\main2.asm(97): as1 : Error 54: Can't match Addressing mode '	ld xl, TIM2_CCR1L'
e:\assembler\sessions\ca-lab5-20240508\main2.asm(99): as1 : Error 54: Can't match Addressing mode '	ld TIM2_CCR1H, xh'
e:\assembler\sessions\ca-lab5-20240508\main2.asm(100): as1 : Error 54: Can't match Addressing mode '	ld TIM2_CCR2L, xl'
e:\assembler\sessions\ca-lab5-20240508\main2.asm(101): as1 : Error 54: Can't match Addressing mode '	incw counter'
8 errors on assembly of 'e:\assembler\sessions\ca-lab5-20240508\main2.asm'
e:\assembler\sessions\ca-lab5-20240508\main2.asm(77): as1 : Error 54: Can't match Addressing mode '	ldw counter,#0'
e:\assembler\sessions\ca-lab5-20240508\main2.asm(82): as1 : Error 54: Can't match Addressing mode '	ldw counter,#0'
e:\assembler\sessions\ca-lab5-20240508\main2.asm(94): as1 : Error 54: Can't match Addressing mode '	cpw counter, #5'
e:\assembler\sessions\ca-lab5-20240508\main2.asm(96): as1 : Error 54: Can't match Addressing mode '	ld xh, TIM2_CCR1H'
e:\assembler\sessions\ca-lab5-20240508\main2.asm(97): as1 : Error 54: Can't match Addressing mode '	ld xl, TIM2_CCR1L'
e:\assembler\sessions\ca-lab5-20240508\main2.asm(99): as1 : Error 54: Can't match Addressing mode '	ld TIM2_CCR1H, xh'
e:\assembler\sessions\ca-lab5-20240508\main2.asm(100): as1 : Error 54: Can't match Addressing mode '	ld TIM2_CCR2L, xl'
e:\assembler\sessions\ca-lab5-20240508\main2.asm(101): as1 : Error 54: Can't match Addressing mode '	incw counter'
8 errors on assembly of 'e:\assembler\sessions\ca-lab5-20240508\main2.asm'
e:\assembler\sessions\ca-lab5-20240508\main2.asm(97): as1 : Error 54: Can't match Addressing mode '	cp y, #4'
1 error on assembly of 'e:\assembler\sessions\ca-lab5-20240508\main2.asm'
e:\assembler\sessions\ca-lab5-20240508\main2.asm(97): as1 : Error 54: Can't match Addressing mode '	cp y, #4'
1 error on assembly of 'e:\assembler\sessions\ca-lab5-20240508\main2.asm'
e:\assembler\sessions\ca-lab5-20240508\main2.asm(97): as1 : Error 54: Can't match Addressing mode '	cp y, #4'
1 error on assembly of 'e:\assembler\sessions\ca-lab5-20240508\main2.asm'
No errors on assembly of 'e:\assembler\sessions\ca-lab5-20240508\main2.asm'
No errors on assembly of 'e:\assembler\sessions\ca-lab5-20240508\main2.asm'
No errors on assembly of 'e:\assembler\sessions\ca-lab5-20240508\main2.asm'
No errors on assembly of 'e:\assembler\sessions\ca-lab5-20240508\main2.asm'
No errors on assembly of 'e:\assembler\sessions\ca-lab5-20240508\main2.asm'
No errors on assembly of 'e:\assembler\sessions\ca-lab5-20240508\main2.asm'
No errors on assembly of 'e:\assembler\sessions\ca-lab5-20240508\main2.asm'
No errors on assembly of 'e:\assembler\sessions\ca-lab5-20240508\main2.asm'
No errors on assembly of 'e:\assembler\sessions\ca-lab5-20240508\main2.asm'
e:\assembler\sessions\ca-lab5-20240508\main3.asm(65): as1 : Error 54: Can't match Addressing mode '	ld flag, x'
e:\assembler\sessions\ca-lab5-20240508\main3.asm(79): as1 : Error 54: Can't match Addressing mode '	ld x,#1'
e:\assembler\sessions\ca-lab5-20240508\main3.asm(80): as1 : Error 54: Can't match Addressing mode '	ld flag,x'
e:\assembler\sessions\ca-lab5-20240508\main3.asm(84): as1 : Error 54: Can't match Addressing mode '	ld x,#0'
e:\assembler\sessions\ca-lab5-20240508\main3.asm(85): as1 : Error 54: Can't match Addressing mode '	ld flag,x'
e:\assembler\sessions\ca-lab5-20240508\main3.asm(131): as1 : Error 54: Can't match Addressing mode '	cpw flag,#0'
e:\assembler\sessions\ca-lab5-20240508\main3.asm(135): as1 : Error 54: Can't match Addressing mode '	cpw flag,#1'
7 errors on assembly of 'e:\assembler\sessions\ca-lab5-20240508\main3.asm'
No errors on assembly of 'e:\assembler\sessions\ca-lab5-20240508\mapping.asm'
e:\assembler\sessions\ca-lab5-20240508\main3.asm(65): as1 : Error 54: Can't match Addressing mode '	ld flag, x'
e:\assembler\sessions\ca-lab5-20240508\main3.asm(79): as1 : Error 54: Can't match Addressing mode '	ld x,#1'
e:\assembler\sessions\ca-lab5-20240508\main3.asm(80): as1 : Error 54: Can't match Addressing mode '	ld flag,x'
e:\assembler\sessions\ca-lab5-20240508\main3.asm(84): as1 : Error 54: Can't match Addressing mode '	ld x,#0'
e:\assembler\sessions\ca-lab5-20240508\main3.asm(85): as1 : Error 54: Can't match Addressing mode '	ld flag,x'
e:\assembler\sessions\ca-lab5-20240508\main3.asm(131): as1 : Error 54: Can't match Addressing mode '	cpw flag,#0'
e:\assembler\sessions\ca-lab5-20240508\main3.asm(135): as1 : Error 54: Can't match Addressing mode '	cpw flag,#1'
7 errors on assembly of 'e:\assembler\sessions\ca-lab5-20240508\main3.asm'
e:\assembler\sessions\ca-lab5-20240508\main3.asm(65): as1 : Error 54: Can't match Addressing mode '	ld flag, x'
e:\assembler\sessions\ca-lab5-20240508\main3.asm(79): as1 : Error 54: Can't match Addressing mode '	ld x,#1'
e:\assembler\sessions\ca-lab5-20240508\main3.asm(80): as1 : Error 54: Can't match Addressing mode '	ld flag,x'
e:\assembler\sessions\ca-lab5-20240508\main3.asm(84): as1 : Error 54: Can't match Addressing mode '	ld x,#0'
e:\assembler\sessions\ca-lab5-20240508\main3.asm(85): as1 : Error 54: Can't match Addressing mode '	ld flag,x'
e:\assembler\sessions\ca-lab5-20240508\main3.asm(131): as1 : Error 54: Can't match Addressing mode '	cpw flag,#0'
e:\assembler\sessions\ca-lab5-20240508\main3.asm(135): as1 : Error 54: Can't match Addressing mode '	cpw flag,#1'
7 errors on assembly of 'e:\assembler\sessions\ca-lab5-20240508\main3.asm'
e:\assembler\sessions\ca-lab5-20240508\main3.asm(131): as1 : Error 54: Can't match Addressing mode '	cpw flag,#0'
e:\assembler\sessions\ca-lab5-20240508\main3.asm(135): as1 : Error 54: Can't match Addressing mode '	cpw flag,#1'
2 errors on assembly of 'e:\assembler\sessions\ca-lab5-20240508\main3.asm'
e:\assembler\sessions\ca-lab5-20240508\main3.asm(131): as1 : Error 54: Can't match Addressing mode '	cpw flag,#0'
e:\assembler\sessions\ca-lab5-20240508\main3.asm(135): as1 : Error 54: Can't match Addressing mode '	cpw flag,#1'
2 errors on assembly of 'e:\assembler\sessions\ca-lab5-20240508\main3.asm'
e:\assembler\sessions\ca-lab5-20240508\main3.asm(131): as1 : Error 54: Can't match Addressing mode '	cpw flag,#0'
e:\assembler\sessions\ca-lab5-20240508\main3.asm(135): as1 : Error 54: Can't match Addressing mode '	cpw flag,#1'
2 errors on assembly of 'e:\assembler\sessions\ca-lab5-20240508\main3.asm'
e:\assembler\sessions\ca-lab5-20240508\main3.asm(131): as1 : Error 54: Can't match Addressing mode '	cpw flag,#0'
e:\assembler\sessions\ca-lab5-20240508\main3.asm(135): as1 : Error 54: Can't match Addressing mode '	cpw flag,#1'
2 errors on assembly of 'e:\assembler\sessions\ca-lab5-20240508\main3.asm'
e:\assembler\sessions\ca-lab5-20240508\main3.asm(131): as1 : Error 54: Can't match Addressing mode '	cpw flag,x'
e:\assembler\sessions\ca-lab5-20240508\main3.asm(134): as1 : Error 54: Can't match Addressing mode '	cpw flag,x'
2 errors on assembly of 'e:\assembler\sessions\ca-lab5-20240508\main3.asm'
e:\assembler\sessions\ca-lab5-20240508\main3.asm(131): as1 : Error 54: Can't match Addressing mode '	cpw flag,x'
e:\assembler\sessions\ca-lab5-20240508\main3.asm(134): as1 : Error 54: Can't match Addressing mode '	cpw flag,x'
2 errors on assembly of 'e:\assembler\sessions\ca-lab5-20240508\main3.asm'
e:\assembler\sessions\ca-lab5-20240508\main3.asm(131): as1 : Error 54: Can't match Addressing mode '	cpw flag,x'
e:\assembler\sessions\ca-lab5-20240508\main3.asm(134): as1 : Error 54: Can't match Addressing mode '	cpw flag,x'
2 errors on assembly of 'e:\assembler\sessions\ca-lab5-20240508\main3.asm'
e:\assembler\sessions\ca-lab5-20240508\main3.asm(131): as1 : Error 54: Can't match Addressing mode '	cpw flag,x'
e:\assembler\sessions\ca-lab5-20240508\main3.asm(134): as1 : Error 54: Can't match Addressing mode '	cpw flag,x'
2 errors on assembly of 'e:\assembler\sessions\ca-lab5-20240508\main3.asm'
e:\assembler\sessions\ca-lab5-20240508\main3.asm(131): as1 : Error 54: Can't match Addressing mode '	cpw flag,x'
e:\assembler\sessions\ca-lab5-20240508\main3.asm(134): as1 : Error 54: Can't match Addressing mode '	cpw flag,x'
2 errors on assembly of 'e:\assembler\sessions\ca-lab5-20240508\main3.asm'
e:\assembler\sessions\ca-lab5-20240508\main3.asm(131): as1 : Error 54: Can't match Addressing mode '	cpw flag,x'
e:\assembler\sessions\ca-lab5-20240508\main3.asm(134): as1 : Error 54: Can't match Addressing mode '	cpw flag,x'
2 errors on assembly of 'e:\assembler\sessions\ca-lab5-20240508\main3.asm'
No errors on assembly of 'e:\assembler\sessions\ca-lab5-20240508\main3.asm'
No errors on assembly of 'e:\assembler\sessions\ca-lab5-20240508\main3.asm'
No errors on assembly of 'e:\assembler\sessions\ca-lab5-20240508\main3.asm'
No errors on assembly of 'e:\assembler\sessions\ca-lab5-20240508\main3.asm'
No errors on assembly of 'e:\assembler\sessions\ca-lab5-20240508\main3.asm'
No errors on assembly of 'e:\assembler\sessions\ca-lab5-20240508\main3.asm'
No errors on assembly of 'e:\assembler\sessions\ca-lab5-20240508\main3.asm'
No errors on assembly of 'e:\assembler\sessions\ca-lab5-20240508\main3.asm'
No errors on assembly of 'e:\assembler\sessions\ca-lab5-20240508\main3.asm'
No errors on assembly of 'e:\assembler\sessions\ca-lab5-20240508\main3.asm'
No errors on assembly of 'e:\assembler\sessions\ca-lab5-20240508\main3.asm'
No errors on assembly of 'e:\assembler\sessions\ca-lab5-20240508\main3.asm'
No errors on assembly of 'e:\assembler\sessions\ca-lab5-20240508\main3.asm'
No errors on assembly of 'e:\assembler\sessions\ca-lab5-20240508\main3.asm'
No errors on assembly of 'e:\assembler\sessions\ca-lab5-20240508\main3.asm'
No errors on assembly of 'e:\assembler\sessions\ca-lab5-20240508\main3.asm'
No errors on assembly of 'e:\assembler\sessions\ca-lab5-20240508\main3.asm'
No errors on assembly of 'e:\assembler\sessions\ca-lab5-20240508\main3.asm'
No errors on assembly of 'e:\assembler\sessions\ca-lab5-20240508\main3.asm'
No errors on assembly of 'e:\assembler\sessions\ca-lab5-20240508\main3.asm'
No errors on assembly of 'e:\assembler\sessions\ca-lab5-20240508\main3.asm'
No errors on assembly of 'e:\assembler\sessions\ca-lab5-20240508\main.asm'
No errors on assembly of 'e:\assembler\sessions\ca-lab5-20240508\mapping.asm'
No errors on assembly of 'e:\assembler\sessions\ca-lab5-20240508\main.asm'
No errors on assembly of 'e:\assembler\sessions\ca-lab5-20240508\main.asm'
No errors on assembly of 'e:\assembler\sessions\ca-lab5-20240508\main.asm'
No errors on assembly of 'e:\assembler\sessions\ca-lab5-20240508\main.asm'
No errors on assembly of 'e:\assembler\sessions\ca-lab5-20240508\main.asm'
