No errors on assembly of 'e:\assembler\sessions\session 3\mapping.asm'
No errors on assembly of 'e:\assembler\sessions\session 3\mapping.asm'
No errors on assembly of 'e:\assembler\sessions\session 3\mapping.asm'
No errors on assembly of 'e:\assembler\sessions\session 3\main.asm'
No errors on assembly of 'e:\assembler\sessions\session 3\main.asm'
No errors on assembly of 'e:\assembler\sessions\session 3\main.asm'
No errors on assembly of 'e:\assembler\sessions\session 3\main.asm'
No errors on assembly of 'e:\assembler\sessions\session 3\main.asm'
No errors on assembly of 'e:\assembler\sessions\session 3\stm8s105k.asm'
No errors on assembly of 'e:\assembler\sessions\session 3\stm8s105k.asm'
e:\assembler\sessions\session 3\main.asm(50): as1 : Error 54: Can't match Addressing mode '	ld TIM2_ARRH, #$4E ; 20000 -> 00x4E20'
e:\assembler\sessions\session 3\main.asm(51): as1 : Error 54: Can't match Addressing mode '	ld TIM2_ARRL, #$20'
2 errors on assembly of 'e:\assembler\sessions\session 3\main.asm'
e:\assembler\sessions\session 3\main.asm(50): as1 : Error 54: Can't match Addressing mode '	ld TIM2_ARRH, #$4E ; 20000 -> 00x4E20'
e:\assembler\sessions\session 3\main.asm(51): as1 : Error 54: Can't match Addressing mode '	ld TIM2_ARRL, #$20'
2 errors on assembly of 'e:\assembler\sessions\session 3\main.asm'
e:\assembler\sessions\session 3\main.asm(50): as1 : Error 54: Can't match Addressing mode '	ld TIM2_ARRH, #$4E ; 20000 -> 00x4E20'
e:\assembler\sessions\session 3\main.asm(51): as1 : Error 54: Can't match Addressing mode '	ld TIM2_ARRL, #$20'
2 errors on assembly of 'e:\assembler\sessions\session 3\main.asm'
e:\assembler\sessions\session 3\main.asm(50): as1 : Error 54: Can't match Addressing mode '	ld TIM2_ARRH, $4E ; 20000 -> 00x4E20'
e:\assembler\sessions\session 3\main.asm(51): as1 : Error 54: Can't match Addressing mode '	ld TIM2_ARRL, $20'
2 errors on assembly of 'e:\assembler\sessions\session 3\main.asm'
e:\assembler\sessions\session 3\main.asm(50): as1 : Error 54: Can't match Addressing mode '	ld TIM2_ARRH, $4E ; 20000 -> 00x4E20'
e:\assembler\sessions\session 3\main.asm(51): as1 : Error 54: Can't match Addressing mode '	ld TIM2_ARRL, $20'
2 errors on assembly of 'e:\assembler\sessions\session 3\main.asm'
e:\assembler\sessions\session 3\main.asm(50): as1 : Error 54: Can't match Addressing mode '	ld TIM2_ARRH, $4E ; 20000 -> 00x4E20'
e:\assembler\sessions\session 3\main.asm(51): as1 : Error 54: Can't match Addressing mode '	ld TIM2_ARRL, $20'
2 errors on assembly of 'e:\assembler\sessions\session 3\main.asm'
No errors on assembly of 'e:\assembler\sessions\session 3\main.asm'
No errors on assembly of 'e:\assembler\sessions\session 3\main.asm'
No errors on assembly of 'e:\assembler\sessions\session 3\main.asm'
No errors on assembly of 'e:\assembler\sessions\session 3\main.asm'
No errors on assembly of 'e:\assembler\sessions\session 3\main.asm'
No errors on assembly of 'e:\assembler\sessions\session 3\main.asm'
No errors on assembly of 'e:\assembler\sessions\session 3\main.asm'
No errors on assembly of 'e:\assembler\sessions\session 3\main.asm'
No errors on assembly of 'e:\assembler\sessions\session 3\main.asm'
No errors on assembly of 'e:\assembler\sessions\session 3\main.asm'
No errors on assembly of 'e:\assembler\sessions\session 3\main.asm'
No errors on assembly of 'e:\assembler\sessions\session 3\main.asm'
No errors on assembly of 'e:\assembler\sessions\session 3\main.asm'
No errors on assembly of 'e:\assembler\sessions\session 3\main.asm'
No errors on assembly of 'e:\assembler\sessions\session 3\main.asm'
No errors on assembly of 'e:\assembler\sessions\session 3\main.asm'
No errors on assembly of 'e:\assembler\sessions\session 3\main.asm'
No errors on assembly of 'e:\assembler\sessions\session 3\main.asm'
No errors on assembly of 'e:\assembler\sessions\session 3\main.asm'
No errors on assembly of 'e:\assembler\sessions\session 3\main.asm'
No errors on assembly of 'e:\assembler\sessions\session 3\main.asm'
No errors on assembly of 'e:\assembler\sessions\session 3\main.asm'
No errors on assembly of 'e:\assembler\sessions\session 3\main.asm'
No errors on assembly of 'e:\assembler\sessions\session 3\main.asm'
e:\assembler\sessions\session 3\main.asm(48): as1 : Error 89: Illegal suffix! 'infinite_loop.1'
1 error on assembly of 'e:\assembler\sessions\session 3\main.asm'
e:\assembler\sessions\session 3\main.asm(48): as1 : Error 89: Illegal suffix! 'infinite_loop.1'
1 error on assembly of 'e:\assembler\sessions\session 3\main.asm'
e:\assembler\sessions\session 3\main.asm(48): as1 : Error 89: Illegal suffix! 'infinite_loop.1'
1 error on assembly of 'e:\assembler\sessions\session 3\main.asm'
e:\assembler\sessions\session 3\main.asm(48): as1 : Error 56: unrecognised opcode ' infinite_loop.1'
1 error on assembly of 'e:\assembler\sessions\session 3\main.asm'
e:\assembler\sessions\session 3\main.asm(48): as1 : Error 56: unrecognised opcode ' infinite_loop.1'
1 error on assembly of 'e:\assembler\sessions\session 3\main.asm'
e:\assembler\sessions\session 3\main.asm(48): as1 : Error 56: unrecognised opcode ' infinite_loop.1'
e:\assembler\sessions\session 3\main.asm(49): as2 : Error 46: Illegal undefined label 'infinite_loop'
2 errors on assembly of 'e:\assembler\sessions\session 3\main.asm'
e:\assembler\sessions\session 3\main.asm(48): as1 : Error 89: Illegal suffix! 'infinite_loop.1'
1 error on assembly of 'e:\assembler\sessions\session 3\main.asm'
e:\assembler\sessions\session 3\main.asm(48): as1 : Error 89: Illegal suffix! 'infinite_loop.1'
1 error on assembly of 'e:\assembler\sessions\session 3\main.asm'
e:\assembler\sessions\session 3\main.asm(48): as1 : Error 89: Illegal suffix! 'infinite_loop.1'
1 error on assembly of 'e:\assembler\sessions\session 3\main.asm'
No errors on assembly of 'e:\assembler\sessions\session 3\main.asm'
No errors on assembly of 'e:\assembler\sessions\session 3\main.asm'
No errors on assembly of 'e:\assembler\sessions\session 3\main.asm'
e:\assembler\sessions\session 3\main.asm(54): as1 : Error 54: Can't match Addressing mode '	sll xl'
e:\assembler\sessions\session 3\main.asm(55): as1 : Error 54: Can't match Addressing mode '	cp xl, a'
2 errors on assembly of 'e:\assembler\sessions\session 3\main.asm'
e:\assembler\sessions\session 3\main.asm(54): as1 : Error 54: Can't match Addressing mode '	sll xl'
e:\assembler\sessions\session 3\main.asm(55): as1 : Error 54: Can't match Addressing mode '	cp xl, a'
2 errors on assembly of 'e:\assembler\sessions\session 3\main.asm'
e:\assembler\sessions\session 3\main.asm(54): as1 : Error 54: Can't match Addressing mode '	sll xl'
e:\assembler\sessions\session 3\main.asm(55): as1 : Error 54: Can't match Addressing mode '	cp xl, a'
2 errors on assembly of 'e:\assembler\sessions\session 3\main.asm'
e:\assembler\sessions\session 3\main.asm(5): as1 : Error 56: unrecognised opcode '	COUNT EQU 0'
e:\assembler\sessions\session 3\main.asm(55): as1 : Error 54: Can't match Addressing mode '	ld COUNT, xl'
e:\assembler\sessions\session 3\main.asm(57): as1 : Error 54: Can't match Addressing mode '	cp COUNT, a'
3 errors on assembly of 'e:\assembler\sessions\session 3\main.asm'
e:\assembler\sessions\session 3\main.asm(5): as1 : Error 56: unrecognised opcode '	COUNT EQU 0'
e:\assembler\sessions\session 3\main.asm(55): as1 : Error 54: Can't match Addressing mode '	ld COUNT, xl'
e:\assembler\sessions\session 3\main.asm(57): as1 : Error 54: Can't match Addressing mode '	cp COUNT, a'
3 errors on assembly of 'e:\assembler\sessions\session 3\main.asm'
e:\assembler\sessions\session 3\main.asm(5): as1 : Error 56: unrecognised opcode '	COUNT EQU 0'
e:\assembler\sessions\session 3\main.asm(55): as1 : Error 54: Can't match Addressing mode '	ld COUNT, xl'
e:\assembler\sessions\session 3\main.asm(57): as1 : Error 54: Can't match Addressing mode '	cp COUNT, a'
e:\assembler\sessions\session 3\main.asm(55): as2 : Error 46: Illegal undefined label 'COUNT, xl'
e:\assembler\sessions\session 3\main.asm(56): as2 : Error 46: Illegal undefined label 'COUNT'
e:\assembler\sessions\session 3\main.asm(57): as2 : Error 46: Illegal undefined label 'COUNT, a'
6 errors on assembly of 'e:\assembler\sessions\session 3\main.asm'
e:\assembler\sessions\session 3\main.asm(5): as1 : Error 56: unrecognised opcode '	COUNT EQU 0'
e:\assembler\sessions\session 3\main.asm(50): as1 : Error 54: Can't match Addressing mode '	ld COUNT, #0'
e:\assembler\sessions\session 3\main.asm(55): as1 : Error 54: Can't match Addressing mode '	ld COUNT, xl'
e:\assembler\sessions\session 3\main.asm(57): as1 : Error 54: Can't match Addressing mode '	cp COUNT, a'
4 errors on assembly of 'e:\assembler\sessions\session 3\main.asm'
e:\assembler\sessions\session 3\main.asm(5): as1 : Error 56: unrecognised opcode '	COUNT EQU 0'
e:\assembler\sessions\session 3\main.asm(50): as1 : Error 54: Can't match Addressing mode '	ld COUNT, #0'
e:\assembler\sessions\session 3\main.asm(55): as1 : Error 54: Can't match Addressing mode '	ld COUNT, xl'
e:\assembler\sessions\session 3\main.asm(57): as1 : Error 54: Can't match Addressing mode '	cp COUNT, a'
4 errors on assembly of 'e:\assembler\sessions\session 3\main.asm'
e:\assembler\sessions\session 3\main.asm(5): as1 : Error 56: unrecognised opcode '	COUNT EQU 0'
e:\assembler\sessions\session 3\main.asm(50): as1 : Error 54: Can't match Addressing mode '	ld COUNT, #0'
e:\assembler\sessions\session 3\main.asm(55): as1 : Error 54: Can't match Addressing mode '	ld COUNT, xl'
e:\assembler\sessions\session 3\main.asm(57): as1 : Error 54: Can't match Addressing mode '	cp COUNT, a'
e:\assembler\sessions\session 3\main.asm(50): as2 : Error 46: Illegal undefined label 'COUNT, #0'
e:\assembler\sessions\session 3\main.asm(55): as2 : Error 46: Illegal undefined label 'COUNT, xl'
e:\assembler\sessions\session 3\main.asm(56): as2 : Error 46: Illegal undefined label 'COUNT'
e:\assembler\sessions\session 3\main.asm(57): as2 : Error 46: Illegal undefined label 'COUNT, a'
8 errors on assembly of 'e:\assembler\sessions\session 3\main.asm'
e:\assembler\sessions\session 3\main.asm(55): as1 : Error 54: Can't match Addressing mode '	cpw x, y'
1 error on assembly of 'e:\assembler\sessions\session 3\main.asm'
e:\assembler\sessions\session 3\main.asm(55): as1 : Error 54: Can't match Addressing mode '	cpw x, y'
1 error on assembly of 'e:\assembler\sessions\session 3\main.asm'
e:\assembler\sessions\session 3\main.asm(55): as1 : Error 54: Can't match Addressing mode '	cpw x, y'
1 error on assembly of 'e:\assembler\sessions\session 3\main.asm'
e:\assembler\sessions\session 3\main.asm(54): as1 : Error 54: Can't match Addressing mode '	SLLW xl'
e:\assembler\sessions\session 3\main.asm(55): as1 : Error 54: Can't match Addressing mode '	cpw xl, yl'
2 errors on assembly of 'e:\assembler\sessions\session 3\main.asm'
e:\assembler\sessions\session 3\main.asm(54): as1 : Error 54: Can't match Addressing mode '	SLLW xl'
e:\assembler\sessions\session 3\main.asm(55): as1 : Error 54: Can't match Addressing mode '	cpw xl, yl'
2 errors on assembly of 'e:\assembler\sessions\session 3\main.asm'
e:\assembler\sessions\session 3\main.asm(54): as1 : Error 54: Can't match Addressing mode '	SLLW xl'
e:\assembler\sessions\session 3\main.asm(55): as1 : Error 54: Can't match Addressing mode '	cpw xl, yl'
2 errors on assembly of 'e:\assembler\sessions\session 3\main.asm'
e:\assembler\sessions\session 3\main.asm(6): as1 : Error 56: unrecognised opcode '	COUNT EQU 0'
e:\assembler\sessions\session 3\main.asm(56): as1 : Error 54: Can't match Addressing mode '	cpw x, y'
2 errors on assembly of 'e:\assembler\sessions\session 3\main.asm'
e:\assembler\sessions\session 3\main.asm(6): as1 : Error 56: unrecognised opcode '	COUNT EQU 0'
e:\assembler\sessions\session 3\main.asm(56): as1 : Error 54: Can't match Addressing mode '	cpw x, y'
2 errors on assembly of 'e:\assembler\sessions\session 3\main.asm'
e:\assembler\sessions\session 3\main.asm(6): as1 : Error 56: unrecognised opcode '	COUNT EQU 0'
e:\assembler\sessions\session 3\main.asm(56): as1 : Error 54: Can't match Addressing mode '	cpw x, y'
2 errors on assembly of 'e:\assembler\sessions\session 3\main.asm'
e:\assembler\sessions\session 3\main.asm(56): as1 : Error 54: Can't match Addressing mode '	cpw x, y'
1 error on assembly of 'e:\assembler\sessions\session 3\main.asm'
e:\assembler\sessions\session 3\main.asm(56): as1 : Error 54: Can't match Addressing mode '	cpw x, y'
1 error on assembly of 'e:\assembler\sessions\session 3\main.asm'
e:\assembler\sessions\session 3\main.asm(56): as1 : Error 54: Can't match Addressing mode '	cpw x, y'
1 error on assembly of 'e:\assembler\sessions\session 3\main.asm'
e:\assembler\sessions\session 3\main.asm(51): as1 : Error 54: Can't match Addressing mode '	ld MIN, xl'
e:\assembler\sessions\session 3\main.asm(52): as1 : Error 54: Can't match Addressing mode '	ld MAX, yl'
e:\assembler\sessions\session 3\main.asm(59): as1 : Error 54: Can't match Addressing mode '	cp MIN, MAX'
3 errors on assembly of 'e:\assembler\sessions\session 3\main.asm'
e:\assembler\sessions\session 3\main.asm(51): as1 : Error 54: Can't match Addressing mode '	ld MIN, xl'
e:\assembler\sessions\session 3\main.asm(52): as1 : Error 54: Can't match Addressing mode '	ld MAX, yl'
e:\assembler\sessions\session 3\main.asm(59): as1 : Error 54: Can't match Addressing mode '	cp MIN, MAX'
3 errors on assembly of 'e:\assembler\sessions\session 3\main.asm'
e:\assembler\sessions\session 3\main.asm(51): as1 : Error 54: Can't match Addressing mode '	ld MIN, xl'
e:\assembler\sessions\session 3\main.asm(52): as1 : Error 54: Can't match Addressing mode '	ld MAX, yl'
e:\assembler\sessions\session 3\main.asm(59): as1 : Error 54: Can't match Addressing mode '	cp MIN, MAX'
3 errors on assembly of 'e:\assembler\sessions\session 3\main.asm'
e:\assembler\sessions\session 3\main.asm(49): as1 : Error 54: Can't match Addressing mode '	ld MIN, #1'
e:\assembler\sessions\session 3\main.asm(50): as1 : Error 54: Can't match Addressing mode '	ld MAX, #128'
e:\assembler\sessions\session 3\main.asm(57): as1 : Error 54: Can't match Addressing mode '	cp MIN, MAX'
3 errors on assembly of 'e:\assembler\sessions\session 3\main.asm'
e:\assembler\sessions\session 3\main.asm(49): as1 : Error 54: Can't match Addressing mode '	ld MIN, #1'
e:\assembler\sessions\session 3\main.asm(50): as1 : Error 54: Can't match Addressing mode '	ld MAX, #128'
e:\assembler\sessions\session 3\main.asm(57): as1 : Error 54: Can't match Addressing mode '	cp MIN, MAX'
3 errors on assembly of 'e:\assembler\sessions\session 3\main.asm'
e:\assembler\sessions\session 3\main.asm(49): as1 : Error 54: Can't match Addressing mode '	ld MIN, #1'
e:\assembler\sessions\session 3\main.asm(50): as1 : Error 54: Can't match Addressing mode '	ld MAX, #128'
e:\assembler\sessions\session 3\main.asm(57): as1 : Error 54: Can't match Addressing mode '	cp MIN, MAX'
3 errors on assembly of 'e:\assembler\sessions\session 3\main.asm'
e:\assembler\sessions\session 3\main.asm(49): as1 : Error 54: Can't match Addressing mode '	ld MIN, #1'
e:\assembler\sessions\session 3\main.asm(50): as1 : Error 54: Can't match Addressing mode '	ld MAX, #128'
e:\assembler\sessions\session 3\main.asm(57): as1 : Error 54: Can't match Addressing mode '	cp MIN, MAX'
3 errors on assembly of 'e:\assembler\sessions\session 3\main.asm'
e:\assembler\sessions\session 3\main.asm(49): as1 : Error 54: Can't match Addressing mode '	ld MIN, #1'
e:\assembler\sessions\session 3\main.asm(50): as1 : Error 54: Can't match Addressing mode '	ld MAX, #128'
e:\assembler\sessions\session 3\main.asm(57): as1 : Error 54: Can't match Addressing mode '	cp MIN, MAX'
3 errors on assembly of 'e:\assembler\sessions\session 3\main.asm'
e:\assembler\sessions\session 3\main.asm(49): as1 : Error 54: Can't match Addressing mode '	ld MIN, #1'
e:\assembler\sessions\session 3\main.asm(50): as1 : Error 54: Can't match Addressing mode '	ld MAX, #128'
e:\assembler\sessions\session 3\main.asm(57): as1 : Error 54: Can't match Addressing mode '	cp MIN, MAX'
3 errors on assembly of 'e:\assembler\sessions\session 3\main.asm'
e:\assembler\sessions\session 3\main.asm(49): as1 : Error 54: Can't match Addressing mode '	ld xl, #MIN'
e:\assembler\sessions\session 3\main.asm(57): as1 : Error 54: Can't match Addressing mode '	cp MIN, MAX'
2 errors on assembly of 'e:\assembler\sessions\session 3\main.asm'
e:\assembler\sessions\session 3\main.asm(49): as1 : Error 54: Can't match Addressing mode '	ld xl, #MIN'
e:\assembler\sessions\session 3\main.asm(57): as1 : Error 54: Can't match Addressing mode '	cp MIN, MAX'
2 errors on assembly of 'e:\assembler\sessions\session 3\main.asm'
e:\assembler\sessions\session 3\main.asm(49): as1 : Error 54: Can't match Addressing mode '	ld xl, #MIN'
e:\assembler\sessions\session 3\main.asm(57): as1 : Error 54: Can't match Addressing mode '	cp MIN, MAX'
2 errors on assembly of 'e:\assembler\sessions\session 3\main.asm'
e:\assembler\sessions\session 3\main.asm(49): as1 : Error 54: Can't match Addressing mode '	ldw xl, #MIN'
e:\assembler\sessions\session 3\main.asm(57): as1 : Error 54: Can't match Addressing mode '	cp MIN, MAX'
2 errors on assembly of 'e:\assembler\sessions\session 3\main.asm'
e:\assembler\sessions\session 3\main.asm(49): as1 : Error 54: Can't match Addressing mode '	ldw xl, #MIN'
e:\assembler\sessions\session 3\main.asm(57): as1 : Error 54: Can't match Addressing mode '	cp MIN, MAX'
2 errors on assembly of 'e:\assembler\sessions\session 3\main.asm'
e:\assembler\sessions\session 3\main.asm(49): as1 : Error 54: Can't match Addressing mode '	ldw xl, #MIN'
e:\assembler\sessions\session 3\main.asm(57): as1 : Error 54: Can't match Addressing mode '	cp MIN, MAX'
2 errors on assembly of 'e:\assembler\sessions\session 3\main.asm'
e:\assembler\sessions\session 3\main.asm(57): as1 : Error 54: Can't match Addressing mode '	cp MIN, MAX'
1 error on assembly of 'e:\assembler\sessions\session 3\main.asm'
e:\assembler\sessions\session 3\main.asm(57): as1 : Error 54: Can't match Addressing mode '	cp MIN, MAX'
1 error on assembly of 'e:\assembler\sessions\session 3\main.asm'
e:\assembler\sessions\session 3\main.asm(57): as1 : Error 54: Can't match Addressing mode '	cp MIN, MAX'
1 error on assembly of 'e:\assembler\sessions\session 3\main.asm'
e:\assembler\sessions\session 3\main.asm(8): as1 : Warning 90: No argument after dc.b 'placeholder dc.b '
e:\assembler\sessions\session 3\main.asm(52): as1 : Error 54: Can't match Addressing mode '	mov placeholder, A'
e:\assembler\sessions\session 3\main.asm(59): as1 : Error 54: Can't match Addressing mode '	cp MIN, MAX'
2 errors on assembly of 'e:\assembler\sessions\session 3\main.asm'
e:\assembler\sessions\session 3\main.asm(8): as1 : Warning 90: No argument after dc.b 'placeholder dc.b '
e:\assembler\sessions\session 3\main.asm(52): as1 : Error 54: Can't match Addressing mode '	mov placeholder, A'
e:\assembler\sessions\session 3\main.asm(59): as1 : Error 54: Can't match Addressing mode '	cp MIN, MAX'
2 errors on assembly of 'e:\assembler\sessions\session 3\main.asm'
e:\assembler\sessions\session 3\main.asm(8): as1 : Warning 90: No argument after dc.b 'placeholder dc.b '
e:\assembler\sessions\session 3\main.asm(52): as1 : Error 54: Can't match Addressing mode '	mov placeholder, A'
e:\assembler\sessions\session 3\main.asm(59): as1 : Error 54: Can't match Addressing mode '	cp MIN, MAX'
2 errors on assembly of 'e:\assembler\sessions\session 3\main.asm'
e:\assembler\sessions\session 3\main.asm(52): as1 : Error 54: Can't match Addressing mode '	mov place,A'
e:\assembler\sessions\session 3\main.asm(59): as1 : Error 54: Can't match Addressing mode '	cp MIN, MAX'
2 errors on assembly of 'e:\assembler\sessions\session 3\main.asm'
e:\assembler\sessions\session 3\main.asm(52): as1 : Error 54: Can't match Addressing mode '	mov place,A'
e:\assembler\sessions\session 3\main.asm(59): as1 : Error 54: Can't match Addressing mode '	cp MIN, MAX'
2 errors on assembly of 'e:\assembler\sessions\session 3\main.asm'
e:\assembler\sessions\session 3\main.asm(52): as1 : Error 54: Can't match Addressing mode '	mov place,A'
e:\assembler\sessions\session 3\main.asm(59): as1 : Error 54: Can't match Addressing mode '	cp MIN, MAX'
2 errors on assembly of 'e:\assembler\sessions\session 3\main.asm'
e:\assembler\sessions\session 3\main.asm(10): as1 : Error 56: unrecognised opcode 'bignr resw'
e:\assembler\sessions\session 3\main.asm(59): as1 : Error 54: Can't match Addressing mode '	cp MIN, MAX'
2 errors on assembly of 'e:\assembler\sessions\session 3\main.asm'
e:\assembler\sessions\session 3\main.asm(10): as1 : Error 56: unrecognised opcode 'bignr resw'
e:\assembler\sessions\session 3\main.asm(59): as1 : Error 54: Can't match Addressing mode '	cp MIN, MAX'
2 errors on assembly of 'e:\assembler\sessions\session 3\main.asm'
e:\assembler\sessions\session 3\main.asm(10): as1 : Error 56: unrecognised opcode 'bignr resw'
e:\assembler\sessions\session 3\main.asm(59): as1 : Error 54: Can't match Addressing mode '	cp MIN, MAX'
2 errors on assembly of 'e:\assembler\sessions\session 3\main.asm'
e:\assembler\sessions\session 3\main.asm(58): as1 : Error 54: Can't match Addressing mode '	cp MIN, MAX'
1 error on assembly of 'e:\assembler\sessions\session 3\main.asm'
e:\assembler\sessions\session 3\main.asm(58): as1 : Error 54: Can't match Addressing mode '	cp MIN, MAX'
1 error on assembly of 'e:\assembler\sessions\session 3\main.asm'
e:\assembler\sessions\session 3\main.asm(58): as1 : Error 54: Can't match Addressing mode '	cp MIN, MAX'
1 error on assembly of 'e:\assembler\sessions\session 3\main.asm'
e:\assembler\sessions\session 3\main.asm(52): as1 : Error 56: unrecognised opcode '	st (array1,X)'
e:\assembler\sessions\session 3\main.asm(59): as1 : Error 54: Can't match Addressing mode '	cp MIN, MAX'
2 errors on assembly of 'e:\assembler\sessions\session 3\main.asm'
e:\assembler\sessions\session 3\main.asm(52): as1 : Error 56: unrecognised opcode '	st (array1,X)'
e:\assembler\sessions\session 3\main.asm(59): as1 : Error 54: Can't match Addressing mode '	cp MIN, MAX'
2 errors on assembly of 'e:\assembler\sessions\session 3\main.asm'
e:\assembler\sessions\session 3\main.asm(52): as1 : Error 56: unrecognised opcode '	st (array1,X)'
e:\assembler\sessions\session 3\main.asm(59): as1 : Error 54: Can't match Addressing mode '	cp MIN, MAX'
2 errors on assembly of 'e:\assembler\sessions\session 3\main.asm'
e:\assembler\sessions\session 3\main.asm(58): as1 : Error 54: Can't match Addressing mode '	cp MIN, MAX'
1 error on assembly of 'e:\assembler\sessions\session 3\main.asm'
e:\assembler\sessions\session 3\main.asm(58): as1 : Error 54: Can't match Addressing mode '	cp MIN, MAX'
1 error on assembly of 'e:\assembler\sessions\session 3\main.asm'
e:\assembler\sessions\session 3\main.asm(58): as1 : Error 54: Can't match Addressing mode '	cp MIN, MAX'
1 error on assembly of 'e:\assembler\sessions\session 3\main.asm'
e:\assembler\sessions\session 3\main.asm(58): as1 : Error 54: Can't match Addressing mode '	cp MIN, MAX'
1 error on assembly of 'e:\assembler\sessions\session 3\main.asm'
No errors on assembly of 'e:\assembler\sessions\session 3\main.asm'
No errors on assembly of 'e:\assembler\sessions\session 3\main.asm'
No errors on assembly of 'e:\assembler\sessions\session 3\main.asm'
