No errors on assembly of 'e:\assembler\sessions\mapping.asm'
No errors on assembly of 'e:\assembler\sessions\mapping.asm'
No errors on assembly of 'e:\assembler\sessions\mapping.asm'
No errors on assembly of 'e:\assembler\sessions\main.asm'
e:\assembler\sessions\main.asm(45): as2 : Error 46: Illegal undefined label 'PD_DDR, #$ff '
e:\assembler\sessions\main.asm(46): as2 : Error 46: Illegal undefined label 'PD_CR1, #$ff '
e:\assembler\sessions\main.asm(47): as2 : Error 46: Illegal undefined label 'PD_ODR, #$55 '
3 errors on assembly of 'e:\assembler\sessions\main.asm'
No errors on assembly of 'e:\assembler\sessions\main.asm'
No errors on assembly of 'e:\assembler\sessions\main.asm'
No errors on assembly of 'e:\assembler\sessions\main.asm'
No errors on assembly of 'e:\assembler\sessions\stm8s105k.asm'
No errors on assembly of 'e:\assembler\sessions\stm8s105k.asm'
No errors on assembly of 'e:\assembler\sessions\main.asm'
No errors on assembly of 'e:\assembler\sessions\main.asm'
No errors on assembly of 'e:\assembler\sessions\main.asm'
No errors on assembly of 'e:\assembler\sessions\main.asm'
No errors on assembly of 'e:\assembler\sessions\main.asm'
No errors on assembly of 'e:\assembler\sessions\main.asm'
No errors on assembly of 'e:\assembler\sessions\main.asm'
No errors on assembly of 'e:\assembler\sessions\main.asm'
No errors on assembly of 'e:\assembler\sessions\main.asm'
No errors on assembly of 'e:\assembler\sessions\main.asm'
No errors on assembly of 'e:\assembler\sessions\main.asm'
No errors on assembly of 'e:\assembler\sessions\main.asm'
No errors on assembly of 'e:\assembler\sessions\main.asm'
No errors on assembly of 'e:\assembler\sessions\main.asm'
No errors on assembly of 'e:\assembler\sessions\main.asm'
e:\assembler\sessions\main.asm(52): as2 : Error 46: Illegal undefined label 'delay'
1 error on assembly of 'e:\assembler\sessions\main.asm'
e:\assembler\sessions\main.asm(50): as1 : Error 56: unrecognised opcode '	delay'
1 error on assembly of 'e:\assembler\sessions\main.asm'
e:\assembler\sessions\main.asm(50): as1 : Error 56: unrecognised opcode '	delay'
1 error on assembly of 'e:\assembler\sessions\main.asm'
e:\assembler\sessions\main.asm(50): as1 : Error 56: unrecognised opcode '	delay'
e:\assembler\sessions\main.asm(56): as2 : Error 46: Illegal undefined label 'delay'
2 errors on assembly of 'e:\assembler\sessions\main.asm'
e:\assembler\sessions\main.asm(5): as1 : Error 56: unrecognised opcode '	COUNT EQU 0'
e:\assembler\sessions\main.asm(51): as1 : Error 56: unrecognised opcode 'ld a, #255'
e:\assembler\sessions\main.asm(51): as1 : Error 69: Ambiguous label name 'ld a, #255'
e:\assembler\sessions\main.asm(56): as1 : Error 54: Can't match Addressing mode '	jreq a'
4 errors on assembly of 'e:\assembler\sessions\main.asm'
e:\assembler\sessions\main.asm(5): as1 : Error 56: unrecognised opcode '	COUNT EQU 0'
e:\assembler\sessions\main.asm(51): as1 : Error 56: unrecognised opcode 'ld a, #255'
e:\assembler\sessions\main.asm(51): as1 : Error 69: Ambiguous label name 'ld a, #255'
e:\assembler\sessions\main.asm(56): as1 : Error 54: Can't match Addressing mode '	jreq a'
4 errors on assembly of 'e:\assembler\sessions\main.asm'
e:\assembler\sessions\main.asm(5): as1 : Error 56: unrecognised opcode '	COUNT EQU 0'
e:\assembler\sessions\main.asm(51): as1 : Error 56: unrecognised opcode 'ld a, #255'
e:\assembler\sessions\main.asm(51): as1 : Error 69: Ambiguous label name 'ld a, #255'
e:\assembler\sessions\main.asm(56): as1 : Error 54: Can't match Addressing mode '	jreq a'
e:\assembler\sessions\main.asm(54): as2 : Error 46: Illegal undefined label 'COUNT'
e:\assembler\sessions\main.asm(58): as2 : Error 46: Illegal undefined label 'COUNT'
6 errors on assembly of 'e:\assembler\sessions\main.asm'
e:\assembler\sessions\main.asm(55): as1 : Error 54: Can't match Addressing mode '	jreq a'
1 error on assembly of 'e:\assembler\sessions\main.asm'
e:\assembler\sessions\main.asm(55): as1 : Error 54: Can't match Addressing mode '	jreq a'
1 error on assembly of 'e:\assembler\sessions\main.asm'
e:\assembler\sessions\main.asm(55): as1 : Error 54: Can't match Addressing mode '	jreq a'
1 error on assembly of 'e:\assembler\sessions\main.asm'
e:\assembler\sessions\main.asm(57): as1 : Error 54: Can't match Addressing mode '	jreq a'
1 error on assembly of 'e:\assembler\sessions\main.asm'
e:\assembler\sessions\main.asm(57): as1 : Error 54: Can't match Addressing mode '	jreq a'
1 error on assembly of 'e:\assembler\sessions\main.asm'
e:\assembler\sessions\main.asm(57): as1 : Error 54: Can't match Addressing mode '	jreq a'
1 error on assembly of 'e:\assembler\sessions\main.asm'
No errors on assembly of 'e:\assembler\sessions\main.asm'
No errors on assembly of 'e:\assembler\sessions\main.asm'
No errors on assembly of 'e:\assembler\sessions\main.asm'
No errors on assembly of 'e:\assembler\sessions\main.asm'
No errors on assembly of 'e:\assembler\sessions\main.asm'
No errors on assembly of 'e:\assembler\sessions\main.asm'
No errors on assembly of 'e:\assembler\sessions\main.asm'
No errors on assembly of 'e:\assembler\sessions\main.asm'
No errors on assembly of 'e:\assembler\sessions\main.asm'
e:\assembler\sessions\main.asm(63): as1 : Error 67: Improper Character(s) '.1'
1 error on assembly of 'e:\assembler\sessions\main.asm'
e:\assembler\sessions\main.asm(63): as1 : Error 67: Improper Character(s) '.1'
1 error on assembly of 'e:\assembler\sessions\main.asm'
e:\assembler\sessions\main.asm(63): as1 : Error 67: Improper Character(s) '.1'
e:\assembler\sessions\main.asm(57): as2 : Error 46: Illegal undefined label 'count'
2 errors on assembly of 'e:\assembler\sessions\main.asm'
e:\assembler\sessions\main.asm(63): as1 : Error 67: Improper Character(s) '.1'
1 error on assembly of 'e:\assembler\sessions\main.asm'
e:\assembler\sessions\main.asm(63): as1 : Error 67: Improper Character(s) '.1'
1 error on assembly of 'e:\assembler\sessions\main.asm'
e:\assembler\sessions\main.asm(63): as1 : Error 67: Improper Character(s) '.1'
1 error on assembly of 'e:\assembler\sessions\main.asm'
No errors on assembly of 'e:\assembler\sessions\main.asm'
No errors on assembly of 'e:\assembler\sessions\main.asm'
No errors on assembly of 'e:\assembler\sessions\main.asm'
e:\assembler\sessions\main.asm(54): as1 : Error 54: Can't match Addressing mode '	ld PD_ODR, #3'
1 error on assembly of 'e:\assembler\sessions\main.asm'
e:\assembler\sessions\main.asm(54): as1 : Error 54: Can't match Addressing mode '	ld PD_ODR, #3'
1 error on assembly of 'e:\assembler\sessions\main.asm'
e:\assembler\sessions\main.asm(54): as1 : Error 54: Can't match Addressing mode '	ld PD_ODR, #3'
1 error on assembly of 'e:\assembler\sessions\main.asm'
e:\assembler\sessions\main.asm(62): as1 : Error 54: Can't match Addressing mode '	ld a, #PD_ODR'
1 error on assembly of 'e:\assembler\sessions\main.asm'
e:\assembler\sessions\main.asm(62): as1 : Error 54: Can't match Addressing mode '	ld a, #PD_ODR'
1 error on assembly of 'e:\assembler\sessions\main.asm'
e:\assembler\sessions\main.asm(62): as1 : Error 54: Can't match Addressing mode '	ld a, #PD_ODR'
1 error on assembly of 'e:\assembler\sessions\main.asm'
No errors on assembly of 'e:\assembler\sessions\main.asm'
No errors on assembly of 'e:\assembler\sessions\main.asm'
No errors on assembly of 'e:\assembler\sessions\main.asm'
No errors on assembly of 'e:\assembler\sessions\session 1\main.asm'
No errors on assembly of 'e:\assembler\sessions\session 1\main.asm'
No errors on assembly of 'e:\assembler\sessions\session 1\main.asm'
No errors on assembly of 'e:\assembler\sessions\session 1\main.asm'
No errors on assembly of 'e:\assembler\sessions\session 1\main.asm'
No errors on assembly of 'e:\assembler\sessions\session 1\main.asm'
No errors on assembly of 'e:\assembler\sessions\session 1\main.asm'
No errors on assembly of 'e:\assembler\sessions\session 1\main.asm'
No errors on assembly of 'e:\assembler\sessions\session 1\main.asm'
No errors on assembly of 'e:\assembler\sessions\session 1\main.asm'
No errors on assembly of 'e:\assembler\sessions\session 1\main.asm'
No errors on assembly of 'e:\assembler\sessions\session 1\main.asm'
No errors on assembly of 'e:\assembler\sessions\session 1\main.asm'
No errors on assembly of 'e:\assembler\sessions\session 1\main.asm'
e:\assembler\sessions\session 1\main.asm(50): as1 : Error 54: Can't match Addressing mode '  mov PD_CR1, #11111111 '
1 error on assembly of 'e:\assembler\sessions\session 1\main.asm'
e:\assembler\sessions\session 1\main.asm(50): as1 : Error 54: Can't match Addressing mode '  mov PD_CR1, #11111111 '
1 error on assembly of 'e:\assembler\sessions\session 1\main.asm'
e:\assembler\sessions\session 1\main.asm(50): as1 : Error 54: Can't match Addressing mode '  mov PD_CR1, #11111111 '
1 error on assembly of 'e:\assembler\sessions\session 1\main.asm'
No errors on assembly of 'e:\assembler\sessions\session 1\main.asm'
No errors on assembly of 'e:\assembler\sessions\session 1\main.asm'
No errors on assembly of 'e:\assembler\sessions\session 1\main.asm'
e:\assembler\sessions\session 1\main.asm(49): as1 : Error 50: Doubly defined label! 'main'
1 error on assembly of 'e:\assembler\sessions\session 1\main.asm'
e:\assembler\sessions\session 1\main.asm(49): as1 : Error 50: Doubly defined label! 'main'
1 error on assembly of 'e:\assembler\sessions\session 1\main.asm'
e:\assembler\sessions\session 1\main.asm(49): as1 : Error 50: Doubly defined label! 'main'
1 error on assembly of 'e:\assembler\sessions\session 1\main.asm'
No errors on assembly of 'e:\assembler\sessions\session 1\main.asm'
No errors on assembly of 'e:\assembler\sessions\session 1\main.asm'
No errors on assembly of 'e:\assembler\sessions\session 1\main.asm'
No errors on assembly of 'e:\assembler\sessions\session 1\main.asm'
No errors on assembly of 'e:\assembler\sessions\session 1\main.asm'
No errors on assembly of 'e:\assembler\sessions\session 1\main.asm'
No errors on assembly of 'e:\assembler\sessions\session 1\main.asm'
No errors on assembly of 'e:\assembler\sessions\session 1\main.asm'
No errors on assembly of 'e:\assembler\sessions\session 1\main.asm'
