No errors on assembly of 'e:\assembler\sessions\session 2\mapping.asm'
No errors on assembly of 'e:\assembler\sessions\session 2\mapping.asm'
No errors on assembly of 'e:\assembler\sessions\session 2\mapping.asm'
No errors on assembly of 'e:\assembler\sessions\session 2\mapping.asm'
No errors on assembly of 'e:\assembler\sessions\session 2\main.asm'
No errors on assembly of 'e:\assembler\sessions\session 2\main.asm'
No errors on assembly of 'e:\assembler\sessions\session 2\main.asm'
No errors on assembly of 'e:\assembler\sessions\session 2\main.asm'
No errors on assembly of 'e:\assembler\sessions\session 2\main.asm'
No errors on assembly of 'e:\assembler\sessions\session 2\main.asm'
No errors on assembly of 'e:\assembler\sessions\session 2\main.asm'
No errors on assembly of 'e:\assembler\sessions\session 2\main.asm'
No errors on assembly of 'e:\assembler\sessions\session 2\main.asm'
No errors on assembly of 'e:\assembler\sessions\session 2\main.asm'
No errors on assembly of 'e:\assembler\sessions\session 2\main.asm'
No errors on assembly of 'e:\assembler\sessions\session 2\mapping.asm'
No errors on assembly of 'e:\assembler\sessions\session 2\mapping.asm'
No errors on assembly of 'e:\assembler\sessions\session 2\main.asm'
No errors on assembly of 'e:\assembler\sessions\session 2\main.asm'
No errors on assembly of 'e:\assembler\sessions\session 2\stm8s105k.asm'
No errors on assembly of 'e:\assembler\sessions\session 2\stm8s105k.asm'
No errors on assembly of 'e:\assembler\sessions\session 2\stm8s105k.asm'
e:\assembler\sessions\session 2\main.asm(48): as1 : Error 56: unrecognised opcode 'mov PD_DDR, #$ff'
e:\assembler\sessions\session 2\main.asm(48): as1 : Error 69: Ambiguous label name 'mov PD_DDR, #$ff'
e:\assembler\sessions\session 2\main.asm(49): as1 : Error 56: unrecognised opcode 'mov PD_CR1, #$ff'
e:\assembler\sessions\session 2\main.asm(49): as1 : Error 69: Ambiguous label name 'mov PD_CR1, #$ff'
e:\assembler\sessions\session 2\main.asm(49): as1 : Error 50: Doubly defined label! 'mov PD_CR1, #$ff'
e:\assembler\sessions\session 2\main.asm(50): as1 : Error 56: unrecognised opcode 'mov PD_ODR, #$55'
e:\assembler\sessions\session 2\main.asm(50): as1 : Error 69: Ambiguous label name 'mov PD_ODR, #$55'
e:\assembler\sessions\session 2\main.asm(50): as1 : Error 50: Doubly defined label! 'mov PD_ODR, #$55'
8 errors on assembly of 'e:\assembler\sessions\session 2\main.asm'
e:\assembler\sessions\session 2\main.asm(48): as1 : Error 56: unrecognised opcode 'mov PD_DDR, #$ff'
e:\assembler\sessions\session 2\main.asm(48): as1 : Error 69: Ambiguous label name 'mov PD_DDR, #$ff'
e:\assembler\sessions\session 2\main.asm(49): as1 : Error 56: unrecognised opcode 'mov PD_CR1, #$ff'
e:\assembler\sessions\session 2\main.asm(49): as1 : Error 69: Ambiguous label name 'mov PD_CR1, #$ff'
e:\assembler\sessions\session 2\main.asm(49): as1 : Error 50: Doubly defined label! 'mov PD_CR1, #$ff'
e:\assembler\sessions\session 2\main.asm(50): as1 : Error 56: unrecognised opcode 'mov PD_ODR, #$55'
e:\assembler\sessions\session 2\main.asm(50): as1 : Error 69: Ambiguous label name 'mov PD_ODR, #$55'
e:\assembler\sessions\session 2\main.asm(50): as1 : Error 50: Doubly defined label! 'mov PD_ODR, #$55'
8 errors on assembly of 'e:\assembler\sessions\session 2\main.asm'
e:\assembler\sessions\session 2\main.asm(48): as1 : Error 56: unrecognised opcode 'mov PD_DDR, #$ff'
e:\assembler\sessions\session 2\main.asm(48): as1 : Error 69: Ambiguous label name 'mov PD_DDR, #$ff'
e:\assembler\sessions\session 2\main.asm(49): as1 : Error 56: unrecognised opcode 'mov PD_CR1, #$ff'
e:\assembler\sessions\session 2\main.asm(49): as1 : Error 69: Ambiguous label name 'mov PD_CR1, #$ff'
e:\assembler\sessions\session 2\main.asm(49): as1 : Error 50: Doubly defined label! 'mov PD_CR1, #$ff'
e:\assembler\sessions\session 2\main.asm(50): as1 : Error 56: unrecognised opcode 'mov PD_ODR, #$55'
e:\assembler\sessions\session 2\main.asm(50): as1 : Error 69: Ambiguous label name 'mov PD_ODR, #$55'
e:\assembler\sessions\session 2\main.asm(50): as1 : Error 50: Doubly defined label! 'mov PD_ODR, #$55'
8 errors on assembly of 'e:\assembler\sessions\session 2\main.asm'
No errors on assembly of 'e:\assembler\sessions\session 2\main.asm'
No errors on assembly of 'e:\assembler\sessions\session 2\main.asm'
No errors on assembly of 'e:\assembler\sessions\session 2\main.asm'
No errors on assembly of 'e:\assembler\sessions\session 2\main.asm'
No errors on assembly of 'e:\assembler\sessions\session 2\main.asm'
No errors on assembly of 'e:\assembler\sessions\session 2\main.asm'
No errors on assembly of 'e:\assembler\sessions\session 2\main.asm'
No errors on assembly of 'e:\assembler\sessions\session 2\main.asm'
No errors on assembly of 'e:\assembler\sessions\session 2\main.asm'
e:\assembler\sessions\session 2\main.asm(84): as1 : Error 89: Illegal suffix! 'infinite_loop.1'
1 error on assembly of 'e:\assembler\sessions\session 2\main.asm'
e:\assembler\sessions\session 2\main.asm(84): as1 : Error 89: Illegal suffix! 'infinite_loop.1'
1 error on assembly of 'e:\assembler\sessions\session 2\main.asm'
e:\assembler\sessions\session 2\main.asm(84): as1 : Error 89: Illegal suffix! 'infinite_loop.1'
1 error on assembly of 'e:\assembler\sessions\session 2\main.asm'
e:\assembler\sessions\session 2\main.asm(73): as1 : Error 56: unrecognised opcode ' execute'
e:\assembler\sessions\session 2\main.asm(84): as1 : Error 89: Illegal suffix! 'infinite_loop.1'
e:\assembler\sessions\session 2\main.asm(84): as1 : Error 50: Doubly defined label! 'infinite_loop.1'
3 errors on assembly of 'e:\assembler\sessions\session 2\main.asm'
e:\assembler\sessions\session 2\main.asm(73): as1 : Error 56: unrecognised opcode ' execute'
e:\assembler\sessions\session 2\main.asm(84): as1 : Error 89: Illegal suffix! 'infinite_loop.1'
e:\assembler\sessions\session 2\main.asm(84): as1 : Error 50: Doubly defined label! 'infinite_loop.1'
3 errors on assembly of 'e:\assembler\sessions\session 2\main.asm'
e:\assembler\sessions\session 2\main.asm(73): as1 : Error 56: unrecognised opcode ' execute'
e:\assembler\sessions\session 2\main.asm(84): as1 : Error 89: Illegal suffix! 'infinite_loop.1'
e:\assembler\sessions\session 2\main.asm(84): as1 : Error 50: Doubly defined label! 'infinite_loop.1'
e:\assembler\sessions\session 2\main.asm(70): as2 : Error 46: Illegal undefined label 'execute'
4 errors on assembly of 'e:\assembler\sessions\session 2\main.asm'
e:\assembler\sessions\session 2\main.asm(73): as1 : Error 56: unrecognised opcode ' execute'
1 error on assembly of 'e:\assembler\sessions\session 2\main.asm'
e:\assembler\sessions\session 2\main.asm(73): as1 : Error 56: unrecognised opcode ' execute'
1 error on assembly of 'e:\assembler\sessions\session 2\main.asm'
e:\assembler\sessions\session 2\main.asm(73): as1 : Error 56: unrecognised opcode ' execute'
e:\assembler\sessions\session 2\main.asm(70): as2 : Error 46: Illegal undefined label 'execute'
2 errors on assembly of 'e:\assembler\sessions\session 2\main.asm'
e:\assembler\sessions\session 2\main.asm(73): as1 : Error 56: unrecognised opcode '	execute'
1 error on assembly of 'e:\assembler\sessions\session 2\main.asm'
e:\assembler\sessions\session 2\main.asm(73): as1 : Error 56: unrecognised opcode '	execute'
1 error on assembly of 'e:\assembler\sessions\session 2\main.asm'
e:\assembler\sessions\session 2\main.asm(73): as1 : Error 56: unrecognised opcode '	execute'
e:\assembler\sessions\session 2\main.asm(70): as2 : Error 46: Illegal undefined label 'execute'
2 errors on assembly of 'e:\assembler\sessions\session 2\main.asm'
No errors on assembly of 'e:\assembler\sessions\session 2\main.asm'
No errors on assembly of 'e:\assembler\sessions\session 2\main.asm'
No errors on assembly of 'e:\assembler\sessions\session 2\main.asm'
e:\assembler\sessions\session 2\main.asm(87): as1 : Error 89: Illegal suffix! 'infinite_loop.1'
1 error on assembly of 'e:\assembler\sessions\session 2\main.asm'
e:\assembler\sessions\session 2\main.asm(87): as1 : Error 89: Illegal suffix! 'infinite_loop.1'
1 error on assembly of 'e:\assembler\sessions\session 2\main.asm'
e:\assembler\sessions\session 2\main.asm(87): as1 : Error 89: Illegal suffix! 'infinite_loop.1'
1 error on assembly of 'e:\assembler\sessions\session 2\main.asm'
e:\assembler\sessions\session 2\main.asm(87): as1 : Error 89: Illegal suffix! 'infinite_loop.1'
1 error on assembly of 'e:\assembler\sessions\session 2\main.asm'
e:\assembler\sessions\session 2\main.asm(87): as1 : Error 89: Illegal suffix! 'infinite_loop.1'
1 error on assembly of 'e:\assembler\sessions\session 2\main.asm'
No errors on assembly of 'e:\assembler\sessions\session 2\main.asm'
No errors on assembly of 'e:\assembler\sessions\session 2\main.asm'
No errors on assembly of 'e:\assembler\sessions\session 2\main.asm'
No errors on assembly of 'e:\assembler\sessions\session 2\main.asm'
No errors on assembly of 'e:\assembler\sessions\session 2\main.asm'
No errors on assembly of 'e:\assembler\sessions\session 2\main.asm'
No errors on assembly of 'e:\assembler\sessions\session 2\main.asm'
No errors on assembly of 'e:\assembler\sessions\session 2\main.asm'
No errors on assembly of 'e:\assembler\sessions\session 2\main.asm'
No errors on assembly of 'e:\assembler\sessions\session 2\main.asm'
No errors on assembly of 'e:\assembler\sessions\session 2\main.asm'
No errors on assembly of 'e:\assembler\sessions\session 2\main.asm'
No errors on assembly of 'e:\assembler\sessions\session 2\main.asm'
No errors on assembly of 'e:\assembler\sessions\session 2\main.asm'
No errors on assembly of 'e:\assembler\sessions\session 2\main.asm'
No errors on assembly of 'e:\assembler\sessions\session 2\main.asm'
No errors on assembly of 'e:\assembler\sessions\session 2\main.asm'
No errors on assembly of 'e:\assembler\sessions\session 2\main.asm'
No errors on assembly of 'e:\assembler\sessions\session 2\main.asm'
No errors on assembly of 'e:\assembler\sessions\session 2\main.asm'
No errors on assembly of 'e:\assembler\sessions\session 2\main.asm'
No errors on assembly of 'e:\assembler\sessions\session 2\main.asm'
No errors on assembly of 'e:\assembler\sessions\session 2\main.asm'
No errors on assembly of 'e:\assembler\sessions\session 2\main.asm'
No errors on assembly of 'e:\assembler\sessions\session 2\main.asm'
No errors on assembly of 'e:\assembler\sessions\session 2\main.asm'
No errors on assembly of 'e:\assembler\sessions\session 2\main.asm'
No errors on assembly of 'e:\assembler\sessions\session 2\main.asm'
No errors on assembly of 'e:\assembler\sessions\session 2\main.asm'
No errors on assembly of 'e:\assembler\sessions\session 2\main.asm'
No errors on assembly of 'e:\assembler\sessions\session 2\main.asm'
No errors on assembly of 'e:\assembler\sessions\session 2\main.asm'
No errors on assembly of 'e:\assembler\sessions\session 2\main.asm'
No errors on assembly of 'e:\assembler\sessions\session 2\main.asm'
No errors on assembly of 'e:\assembler\sessions\session 2\main.asm'
No errors on assembly of 'e:\assembler\sessions\session 2\main.asm'
No errors on assembly of 'e:\assembler\sessions\session 2\main.asm'
No errors on assembly of 'e:\assembler\sessions\session 2\main.asm'
No errors on assembly of 'e:\assembler\sessions\session 2\main.asm'
No errors on assembly of 'e:\assembler\sessions\session 2\main.asm'
No errors on assembly of 'e:\assembler\sessions\session 2\main.asm'
No errors on assembly of 'e:\assembler\sessions\session 2\main.asm'
No errors on assembly of 'e:\assembler\sessions\session 2\main.asm'
No errors on assembly of 'e:\assembler\sessions\session 2\main.asm'
No errors on assembly of 'e:\assembler\sessions\session 2\main.asm'
No errors on assembly of 'e:\assembler\sessions\session 2\main.asm'
No errors on assembly of 'e:\assembler\sessions\session 2\main.asm'
No errors on assembly of 'e:\assembler\sessions\session 2\main.asm'
No errors on assembly of 'e:\assembler\sessions\session 2\main.asm'
No errors on assembly of 'e:\assembler\sessions\session 2\main.asm'
No errors on assembly of 'e:\assembler\sessions\session 2\main.asm'
No errors on assembly of 'e:\assembler\sessions\session 2\main.asm'
No errors on assembly of 'e:\assembler\sessions\session 2\main.asm'
No errors on assembly of 'e:\assembler\sessions\session 2\main.asm'
No errors on assembly of 'e:\assembler\sessions\session 2\main.asm'
No errors on assembly of 'e:\assembler\sessions\session 2\main.asm'
No errors on assembly of 'e:\assembler\sessions\session 2\main.asm'
No errors on assembly of 'e:\assembler\sessions\session 2\main.asm'
No errors on assembly of 'e:\assembler\sessions\session 2\main.asm'
No errors on assembly of 'e:\assembler\sessions\session 2\main.asm'
No errors on assembly of 'e:\assembler\sessions\session 2\main.asm'
No errors on assembly of 'e:\assembler\sessions\session 2\main.asm'
No errors on assembly of 'e:\assembler\sessions\session 2\main.asm'
No errors on assembly of 'e:\assembler\sessions\session 2\main.asm'
No errors on assembly of 'e:\assembler\sessions\session 2\main.asm'
No errors on assembly of 'e:\assembler\sessions\session 2\main.asm'
No errors on assembly of 'e:\assembler\sessions\session 2\main.asm'
No errors on assembly of 'e:\assembler\sessions\session 2\main.asm'
No errors on assembly of 'e:\assembler\sessions\session 2\main.asm'
No errors on assembly of 'e:\assembler\sessions\session 2\main.asm'
No errors on assembly of 'e:\assembler\sessions\session 2\main.asm'
No errors on assembly of 'e:\assembler\sessions\session 2\main.asm'
No errors on assembly of 'e:\assembler\sessions\session 2\main.asm'
No errors on assembly of 'e:\assembler\sessions\session 2\main.asm'
No errors on assembly of 'e:\assembler\sessions\session 2\main.asm'
