No errors on assembly of 'e:\assembler\sessions\session 2_2\mapping.asm'
No errors on assembly of 'e:\assembler\sessions\session 2_2\mapping.asm'
No errors on assembly of 'e:\assembler\sessions\session 2_2\mapping.asm'
No errors on assembly of 'e:\assembler\sessions\session 2_2\main.asm'
No errors on assembly of 'e:\assembler\sessions\session 2_2\main.asm'
No errors on assembly of 'e:\assembler\sessions\session 2_2\stm8s105k.asm'
No errors on assembly of 'e:\assembler\sessions\session 2_2\stm8s105k.asm'
No errors on assembly of 'e:\assembler\sessions\session 2_2\main.asm'
No errors on assembly of 'e:\assembler\sessions\session 2_2\main.asm'
No errors on assembly of 'e:\assembler\sessions\session 2_2\main.asm'
No errors on assembly of 'e:\assembler\sessions\session 2_2\main.asm'
No errors on assembly of 'e:\assembler\sessions\session 2_2\main.asm'
No errors on assembly of 'e:\assembler\sessions\session 2_2\main.asm'
No errors on assembly of 'e:\assembler\sessions\session 2_2\main.asm'
No errors on assembly of 'e:\assembler\sessions\session 2_2\main.asm'
No errors on assembly of 'e:\assembler\sessions\session 2_2\main.asm'
e:\assembler\sessions\session 2_2\main.asm(68): as1 : Error 67: Improper Character(s) '= 0'
e:\assembler\sessions\session 2_2\main.asm(70): as1 : Error 34: Spurious Else! '	#else'
e:\assembler\sessions\session 2_2\main.asm(72): as1 : Error 35: Spurious Endif! '	#endif'
3 errors on assembly of 'e:\assembler\sessions\session 2_2\main.asm'
e:\assembler\sessions\session 2_2\main.asm(68): as1 : Error 67: Improper Character(s) '= 0'
e:\assembler\sessions\session 2_2\main.asm(70): as1 : Error 34: Spurious Else! '	#else'
e:\assembler\sessions\session 2_2\main.asm(72): as1 : Error 35: Spurious Endif! '	#endif'
3 errors on assembly of 'e:\assembler\sessions\session 2_2\main.asm'
e:\assembler\sessions\session 2_2\main.asm(68): as1 : Error 67: Improper Character(s) '= 0'
e:\assembler\sessions\session 2_2\main.asm(70): as1 : Error 34: Spurious Else! '	#else'
e:\assembler\sessions\session 2_2\main.asm(72): as1 : Error 35: Spurious Endif! '	#endif'
3 errors on assembly of 'e:\assembler\sessions\session 2_2\main.asm'
No errors on assembly of 'e:\assembler\sessions\session 2_2\main.asm'
No errors on assembly of 'e:\assembler\sessions\session 2_2\main.asm'
No errors on assembly of 'e:\assembler\sessions\session 2_2\main.asm'
No errors on assembly of 'e:\assembler\sessions\session 2_2\main.asm'
No errors on assembly of 'e:\assembler\sessions\session 2_2\main.asm'
No errors on assembly of 'e:\assembler\sessions\session 2_2\main.asm'
No errors on assembly of 'e:\assembler\sessions\session 2_2\main.asm'
e:\assembler\sessions\session 2_2\main.asm(62): as1 : Error 67: Improper Character(s) '...'
e:\assembler\sessions\session 2_2\main.asm(63): as1 : Error 67: Improper Character(s) '...'
2 errors on assembly of 'e:\assembler\sessions\session 2_2\main.asm'
e:\assembler\sessions\session 2_2\main.asm(62): as1 : Error 67: Improper Character(s) '...'
e:\assembler\sessions\session 2_2\main.asm(63): as1 : Error 67: Improper Character(s) '...'
2 errors on assembly of 'e:\assembler\sessions\session 2_2\main.asm'
e:\assembler\sessions\session 2_2\main.asm(62): as1 : Error 67: Improper Character(s) '...'
e:\assembler\sessions\session 2_2\main.asm(63): as1 : Error 67: Improper Character(s) '...'
e:\assembler\sessions\session 2_2\main.asm(62): as2 : Error 46: Illegal undefined label 'TIM3_AARH, #...'
e:\assembler\sessions\session 2_2\main.asm(63): as2 : Error 46: Illegal undefined label 'TIM3_AARH, #...'
4 errors on assembly of 'e:\assembler\sessions\session 2_2\main.asm'
e:\assembler\sessions\session 2_2\main.asm(62): as1 : Error 67: Improper Character(s) '...'
e:\assembler\sessions\session 2_2\main.asm(63): as1 : Error 67: Improper Character(s) '...'
2 errors on assembly of 'e:\assembler\sessions\session 2_2\main.asm'
No errors on assembly of 'e:\assembler\sessions\session 2_2\main.asm'
No errors on assembly of 'e:\assembler\sessions\session 2_2\main.asm'
e:\assembler\sessions\session 2_2\main.asm(66): as2 : Error 46: Illegal undefined label 'TIM3_AARH, #$3D'
e:\assembler\sessions\session 2_2\main.asm(67): as2 : Error 46: Illegal undefined label 'TIM3_AARH, #$09'
2 errors on assembly of 'e:\assembler\sessions\session 2_2\main.asm'
No errors on assembly of 'e:\assembler\sessions\session 2_2\main.asm'
No errors on assembly of 'e:\assembler\sessions\session 2_2\main.asm'
e:\assembler\sessions\session 2_2\main.asm(66): as2 : Error 46: Illegal undefined label 'TIM3_AARH, #$3D'
e:\assembler\sessions\session 2_2\main.asm(67): as2 : Error 46: Illegal undefined label 'TIM3_AARL, #$09'
2 errors on assembly of 'e:\assembler\sessions\session 2_2\main.asm'
No errors on assembly of 'e:\assembler\sessions\session 2_2\main.asm'
No errors on assembly of 'e:\assembler\sessions\session 2_2\main.asm'
e:\assembler\sessions\session 2_2\main.asm(66): as2 : Error 46: Illegal undefined label 'TIM3_AARH, #$3D'
e:\assembler\sessions\session 2_2\main.asm(67): as2 : Error 46: Illegal undefined label 'TIM3_AARL, #$09'
2 errors on assembly of 'e:\assembler\sessions\session 2_2\main.asm'
No errors on assembly of 'e:\assembler\sessions\session 2_2\main.asm'
No errors on assembly of 'e:\assembler\sessions\session 2_2\main.asm'
No errors on assembly of 'e:\assembler\sessions\session 2_2\main.asm'
No errors on assembly of 'e:\assembler\sessions\session 2_2\main.asm'
No errors on assembly of 'e:\assembler\sessions\session 2_2\main.asm'
No errors on assembly of 'e:\assembler\sessions\session 2_2\main.asm'
